81209 execve("./malware", ["./malware"], 0x7ffea6a906f8 /* 44 vars */) = 0
81209 brk(NULL)                         = 0x39606000
81209 arch_prctl(0x3001 /* ARCH_??? */, 0x7ffc418a4bb0) = -1 EINVAL (Invalid argument)
81209 mmap(NULL, 8192, PROT_READ|PROT_WRITE, MAP_PRIVATE|MAP_ANONYMOUS, -1, 0) = 0x7fe3703ae000
81209 access("/etc/ld.so.preload", R_OK) = -1 ENOENT (No such file or directory)
81209 openat(AT_FDCWD, "/etc/ld.so.cache", O_RDONLY|O_CLOEXEC) = 3
81209 newfstatat(3, "", {st_mode=S_IFREG|0644, st_size=22316, ...}, AT_EMPTY_PATH) = 0
81209 mmap(NULL, 22316, PROT_READ, MAP_PRIVATE, 3, 0) = 0x7fe3703a8000
81209 close(3)                          = 0
81209 openat(AT_FDCWD, "/lib/x86_64-linux-gnu/libc.so.6", O_RDONLY|O_CLOEXEC) = 3
81209 read(3, "\177ELF\2\1\1\3\0\0\0\0\0\0\0\0\3\0>\0\1\0\0\0P\237\2\0\0\0\0\0@\0\0\0\0\0\0\0\360\320!\0\0\0\0\0\0\0\0\0@\08\0\16\0@\0B\0A\0\6\0\0\0\4\0\0\0@\0\0\0\0\0\0\0@\0\0\0\0\0\0\0@\0\0\0\0\0\0\0\20\3\0\0\0\0\0\0\20\3\0\0\0\0\0\0\10\0\0\0\0\0\0\0\3\0\0\0\4\0\0\0000>\36\0\0\0\0\0000>\36\0\0\0\0\0000>\36\0\0\0\0\0\34\0\0\0\0\0\0\0\34\0\0\0\0\0\0\0\20\0\0\0\0\0\0\0\1\0\0\0\4\0\0\0\0\0\0\0\0\0\0\0\0\0\0\0\0\0\0\0\0\0\0\0\0\0\0\0\340\177\2\0\0\0\0\0\340\177\2\0\0\0\0\0\0\20\0\0\0\0\0\0\1\0\0\0\5\0\0\0\0\200\2\0\0\0\0\0\0\200\2\0\0\0\0\0\0\200\2\0\0\0\0\0\301C\31\0\0\0\0\0\301C\31\0\0\0\0\0\0\20\0\0\0\0\0\0\1\0\0\0\4\0\0\0\0\320\33\0\0\0\0\0\0\320\33\0\0\0\0\0\0\320\33\0\0\0\0\0$y\5\0\0\0\0\0$y\5\0\0\0\0\0\0\20\0\0\0\0\0\0\1\0\0\0\6\0\0\0\360X!\0\0\0\0\0\360h!\0\0\0\0\0\360h!\0\0\0\0\0\230O\0\0\0\0\0\0`%\1\0\0\0\0\0\0\20\0\0\0\0\0\0\2\0\0\0\6\0\0\0\300\213!\0\0\0\0\0\300\233!\0\0\0\0\0\300\233!\0\0\0\0\0\320\1\0\0\0\0\0\0\320\1\0\0\0\0\0\0\10\0\0\0\0\0\0\0\4\0\0\0\4\0\0\0P\3\0\0\0\0\0\0P\3\0\0\0\0\0\0P\3\0\0\0\0\0\0000\0\0\0\0\0\0\0000\0\0\0\0\0\0\0\10\0\0\0\0\0\0\0\4\0\0\0\4\0\0\0\200\3\0\0\0\0\0\0\200\3\0\0\0\0\0\0\200\3\0\0\0\0\0\0D\0\0\0\0\0\0\0D\0\0\0\0\0\0\0\4\0\0\0\0\0\0\0\7\0\0\0\4\0\0\0\360X!\0\0\0\0\0\360h!\0\0\0\0\0\360h!\0\0\0\0\0\20\0\0\0\0\0\0\0\220\0\0\0\0\0\0\0\10\0\0\0\0\0\0\0S\345td\4\0\0\0P\3\0\0\0\0\0\0P\3\0\0\0\0\0\0P\3\0\0\0\0\0\0000\0\0\0\0\0\0\0000\0\0\0\0\0\0\0\10\0\0\0\0\0\0\0P\345td\4\0\0\0L>\36\0\0\0\0\0L>\36\0\0\0\0\0L>\36\0\0\0\0\0\324p\0\0\0\0\0\0\324p\0\0\0\0\0\0\4\0\0\0\0\0\0\0Q\345td\6\0\0\0\0\0\0\0\0\0\0\0\0\0\0\0\0\0\0\0\0\0\0\0\0\0\0\0\0\0\0\0\0\0\0\0\0\0\0\0\0\0\0\0\20\0\0\0\0\0\0\0R\345td\4\0\0\0\360X!\0\0\0\0\0\360h!\0\0\0\0\0\360h!\0\0\0\0\0\0207\0\0\0\0\0\0", 832) = 832
81209 pread64(3, "\6\0\0\0\4\0\0\0@\0\0\0\0\0\0\0@\0\0\0\0\0\0\0@\0\0\0\0\0\0\0\20\3\0\0\0\0\0\0\20\3\0\0\0\0\0\0\10\0\0\0\0\0\0\0\3\0\0\0\4\0\0\0000>\36\0\0\0\0\0000>\36\0\0\0\0\0000>\36\0\0\0\0\0\34\0\0\0\0\0\0\0\34\0\0\0\0\0\0\0\20\0\0\0\0\0\0\0\1\0\0\0\4\0\0\0\0\0\0\0\0\0\0\0\0\0\0\0\0\0\0\0\0\0\0\0\0\0\0\0\340\177\2\0\0\0\0\0\340\177\2\0\0\0\0\0\0\20\0\0\0\0\0\0\1\0\0\0\5\0\0\0\0\200\2\0\0\0\0\0\0\200\2\0\0\0\0\0\0\200\2\0\0\0\0\0\301C\31\0\0\0\0\0\301C\31\0\0\0\0\0\0\20\0\0\0\0\0\0\1\0\0\0\4\0\0\0\0\320\33\0\0\0\0\0\0\320\33\0\0\0\0\0\0\320\33\0\0\0\0\0$y\5\0\0\0\0\0$y\5\0\0\0\0\0\0\20\0\0\0\0\0\0\1\0\0\0\6\0\0\0\360X!\0\0\0\0\0\360h!\0\0\0\0\0\360h!\0\0\0\0\0\230O\0\0\0\0\0\0`%\1\0\0\0\0\0\0\20\0\0\0\0\0\0\2\0\0\0\6\0\0\0\300\213!\0\0\0\0\0\300\233!\0\0\0\0\0\300\233!\0\0\0\0\0\320\1\0\0\0\0\0\0\320\1\0\0\0\0\0\0\10\0\0\0\0\0\0\0\4\0\0\0\4\0\0\0P\3\0\0\0\0\0\0P\3\0\0\0\0\0\0P\3\0\0\0\0\0\0000\0\0\0\0\0\0\0000\0\0\0\0\0\0\0\10\0\0\0\0\0\0\0\4\0\0\0\4\0\0\0\200\3\0\0\0\0\0\0\200\3\0\0\0\0\0\0\200\3\0\0\0\0\0\0D\0\0\0\0\0\0\0D\0\0\0\0\0\0\0\4\0\0\0\0\0\0\0\7\0\0\0\4\0\0\0\360X!\0\0\0\0\0\360h!\0\0\0\0\0\360h!\0\0\0\0\0\20\0\0\0\0\0\0\0\220\0\0\0\0\0\0\0\10\0\0\0\0\0\0\0S\345td\4\0\0\0P\3\0\0\0\0\0\0P\3\0\0\0\0\0\0P\3\0\0\0\0\0\0000\0\0\0\0\0\0\0000\0\0\0\0\0\0\0\10\0\0\0\0\0\0\0P\345td\4\0\0\0L>\36\0\0\0\0\0L>\36\0\0\0\0\0L>\36\0\0\0\0\0\324p\0\0\0\0\0\0\324p\0\0\0\0\0\0\4\0\0\0\0\0\0\0Q\345td\6\0\0\0\0\0\0\0\0\0\0\0\0\0\0\0\0\0\0\0\0\0\0\0\0\0\0\0\0\0\0\0\0\0\0\0\0\0\0\0\0\0\0\0\20\0\0\0\0\0\0\0R\345td\4\0\0\0\360X!\0\0\0\0\0\360h!\0\0\0\0\0\360h!\0\0\0\0\0\0207\0\0\0\0\0\0\0207\0\0\0\0\0\0\1\0\0\0\0\0\0\0", 784, 64) = 784
81209 pread64(3, "\4\0\0\0 \0\0\0\5\0\0\0GNU\0\2\0\0\300\4\0\0\0\3\0\0\0\0\0\0\0\2\200\0\300\4\0\0\0\1\0\0\0\0\0\0\0", 48, 848) = 48
81209 pread64(3, "\4\0\0\0\24\0\0\0\3\0\0\0GNU\0O{\f\225\\=\201\327\312\301P\32$\230\266\235\35\202\277\347\4\0\0\0\20\0\0\0\1\0\0\0GNU\0\0\0\0\0\3\0\0\0\2\0\0\0\0\0\0\0", 68, 896) = 68
81209 newfstatat(3, "", {st_mode=S_IFREG|0755, st_size=2220400, ...}, AT_EMPTY_PATH) = 0
81209 pread64(3, "\6\0\0\0\4\0\0\0@\0\0\0\0\0\0\0@\0\0\0\0\0\0\0@\0\0\0\0\0\0\0\20\3\0\0\0\0\0\0\20\3\0\0\0\0\0\0\10\0\0\0\0\0\0\0\3\0\0\0\4\0\0\0000>\36\0\0\0\0\0000>\36\0\0\0\0\0000>\36\0\0\0\0\0\34\0\0\0\0\0\0\0\34\0\0\0\0\0\0\0\20\0\0\0\0\0\0\0\1\0\0\0\4\0\0\0\0\0\0\0\0\0\0\0\0\0\0\0\0\0\0\0\0\0\0\0\0\0\0\0\340\177\2\0\0\0\0\0\340\177\2\0\0\0\0\0\0\20\0\0\0\0\0\0\1\0\0\0\5\0\0\0\0\200\2\0\0\0\0\0\0\200\2\0\0\0\0\0\0\200\2\0\0\0\0\0\301C\31\0\0\0\0\0\301C\31\0\0\0\0\0\0\20\0\0\0\0\0\0\1\0\0\0\4\0\0\0\0\320\33\0\0\0\0\0\0\320\33\0\0\0\0\0\0\320\33\0\0\0\0\0$y\5\0\0\0\0\0$y\5\0\0\0\0\0\0\20\0\0\0\0\0\0\1\0\0\0\6\0\0\0\360X!\0\0\0\0\0\360h!\0\0\0\0\0\360h!\0\0\0\0\0\230O\0\0\0\0\0\0`%\1\0\0\0\0\0\0\20\0\0\0\0\0\0\2\0\0\0\6\0\0\0\300\213!\0\0\0\0\0\300\233!\0\0\0\0\0\300\233!\0\0\0\0\0\320\1\0\0\0\0\0\0\320\1\0\0\0\0\0\0\10\0\0\0\0\0\0\0\4\0\0\0\4\0\0\0P\3\0\0\0\0\0\0P\3\0\0\0\0\0\0P\3\0\0\0\0\0\0000\0\0\0\0\0\0\0000\0\0\0\0\0\0\0\10\0\0\0\0\0\0\0\4\0\0\0\4\0\0\0\200\3\0\0\0\0\0\0\200\3\0\0\0\0\0\0\200\3\0\0\0\0\0\0D\0\0\0\0\0\0\0D\0\0\0\0\0\0\0\4\0\0\0\0\0\0\0\7\0\0\0\4\0\0\0\360X!\0\0\0\0\0\360h!\0\0\0\0\0\360h!\0\0\0\0\0\20\0\0\0\0\0\0\0\220\0\0\0\0\0\0\0\10\0\0\0\0\0\0\0S\345td\4\0\0\0P\3\0\0\0\0\0\0P\3\0\0\0\0\0\0P\3\0\0\0\0\0\0000\0\0\0\0\0\0\0000\0\0\0\0\0\0\0\10\0\0\0\0\0\0\0P\345td\4\0\0\0L>\36\0\0\0\0\0L>\36\0\0\0\0\0L>\36\0\0\0\0\0\324p\0\0\0\0\0\0\324p\0\0\0\0\0\0\4\0\0\0\0\0\0\0Q\345td\6\0\0\0\0\0\0\0\0\0\0\0\0\0\0\0\0\0\0\0\0\0\0\0\0\0\0\0\0\0\0\0\0\0\0\0\0\0\0\0\0\0\0\0\20\0\0\0\0\0\0\0R\345td\4\0\0\0\360X!\0\0\0\0\0\360h!\0\0\0\0\0\360h!\0\0\0\0\0\0207\0\0\0\0\0\0\0207\0\0\0\0\0\0\1\0\0\0\0\0\0\0", 784, 64) = 784
81209 mmap(NULL, 2264656, PROT_READ, MAP_PRIVATE|MAP_DENYWRITE, 3, 0) = 0x7fe37017f000
81209 mprotect(0x7fe3701a7000, 2023424, PROT_NONE) = 0
81209 mmap(0x7fe3701a7000, 1658880, PROT_READ|PROT_EXEC, MAP_PRIVATE|MAP_FIXED|MAP_DENYWRITE, 3, 0x28000) = 0x7fe3701a7000
81209 mmap(0x7fe37033c000, 360448, PROT_READ, MAP_PRIVATE|MAP_FIXED|MAP_DENYWRITE, 3, 0x1bd000) = 0x7fe37033c000
81209 mmap(0x7fe370395000, 24576, PROT_READ|PROT_WRITE, MAP_PRIVATE|MAP_FIXED|MAP_DENYWRITE, 3, 0x215000) = 0x7fe370395000
81209 mmap(0x7fe37039b000, 52816, PROT_READ|PROT_WRITE, MAP_PRIVATE|MAP_FIXED|MAP_ANONYMOUS, -1, 0) = 0x7fe37039b000
81209 close(3)                          = 0
81209 mmap(NULL, 12288, PROT_READ|PROT_WRITE, MAP_PRIVATE|MAP_ANONYMOUS, -1, 0) = 0x7fe37017c000
81209 arch_prctl(ARCH_SET_FS, 0x7fe37017c740) = 0
81209 set_tid_address(0x7fe37017ca10)   = 81209
81209 set_robust_list(0x7fe37017ca20, 24) = 0
81209 rseq(0x7fe37017d0e0, 0x20, 0, 0x53053053) = 0
81209 mprotect(0x7fe370395000, 16384, PROT_READ) = 0
81209 mprotect(0x7fe3703e8000, 8192, PROT_READ) = 0
81209 prlimit64(0, RLIMIT_STACK, NULL, {rlim_cur=8192*1024, rlim_max=RLIM64_INFINITY}) = 0
81209 munmap(0x7fe3703a8000, 22316)     = 0
81209 getrandom("\x61\x98\x33\x2a\x53\xd2\xd1\xdb", 8, GRND_NONBLOCK) = 8
81209 brk(NULL)                         = 0x39606000
81209 brk(0x39627000)                   = 0x39627000
81209 openat(AT_FDCWD, "/proc/self/maps", O_RDONLY|O_CLOEXEC) = 3
81209 prlimit64(0, RLIMIT_STACK, NULL, {rlim_cur=8192*1024, rlim_max=RLIM64_INFINITY}) = 0
81209 newfstatat(3, "", {st_mode=S_IFREG|0444, st_size=0, ...}, AT_EMPTY_PATH) = 0
81209 read(3, "00400000-0068b000 r-xp 00000000 fd:00 1179682                            /home/andsopwn/ctf/a/malware\n0068b000-0093f000 r--p 0028b000 fd:00 1179682                            /home/andsopwn/ctf/a/malware\n0093f000-00988000 rw-p 0053f000 fd:00 1179682                            /home/andsopwn/ctf/a/malware\n00988000-009c9000 rw-p 00000000 00:00 0 \n39606000-39627000 rw-p 00000000 00:00 0                                  [heap]\n7fe37017c000-7fe37017f000 rw-p 00000000 00:00 0 \n7fe37017f000-7fe3701a7000 r--p 00000000 fd:00 1462234                    /usr/lib/x86_64-linux-gnu/libc.so.6\n7fe3701a7000-7fe37033c000 r-xp 00028000 fd:00 1462234                    /usr/lib/x86_64-linux-gnu/libc.so.6\n7fe37033c000-7fe370394000 r--p 001bd000 fd:00 1462234                    /usr/lib/x86_64-linux-gnu/libc.so.6\n7fe370394000-7fe370395000 ---p 00215000 fd:00 1462234                    /usr/lib/x86_64-linux-gnu/libc.so.6\n7fe370395000-7fe370399000 r--p 00215000 fd:00 1462234                    /usr/lib/x86_64-linux-gnu/libc.so.6\n7fe", 1024) = 1024
81209 read(3, "370399000-7fe37039b000 rw-p 00219000 fd:00 1462234                    /usr/lib/x86_64-linux-gnu/libc.so.6\n7fe37039b000-7fe3703a8000 rw-p 00000000 00:00 0 \n7fe3703ae000-7fe3703b0000 rw-p 00000000 00:00 0 \n7fe3703b0000-7fe3703b2000 r--p 00000000 fd:00 1451887                    /usr/lib/x86_64-linux-gnu/ld-linux-x86-64.so.2\n7fe3703b2000-7fe3703dc000 r-xp 00002000 fd:00 1451887                    /usr/lib/x86_64-linux-gnu/ld-linux-x86-64.so.2\n7fe3703dc000-7fe3703e7000 r--p 0002c000 fd:00 1451887                    /usr/lib/x86_64-linux-gnu/ld-linux-x86-64.so.2\n7fe3703e8000-7fe3703ea000 r--p 00037000 fd:00 1451887                    /usr/lib/x86_64-linux-gnu/ld-linux-x86-64.so.2\n7fe3703ea000-7fe3703ec000 rw-p 00039000 fd:00 1451887                    /usr/lib/x86_64-linux-gnu/ld-linux-x86-64.so.2\n7ffc41886000-7ffc418a7000 rw-p 00000000 00:00 0                          [stack]\n7ffc4193b000-7ffc4193f000 r--p 00000000 00:00 0                          [vvar]\n7ffc4193f000-7ffc41941000 r-xp 00000000 00:00 0            ", 1024) = 1024
81209 close(3)                          = 0
81209 sched_getaffinity(81209, 32, [0, 1]) = 16
81209 sched_getaffinity(0, 8192, [0, 1]) = 16
81209 openat(AT_FDCWD, "/sys/kernel/mm/transparent_hugepage/hpage_pmd_size", O_RDONLY) = 3
81209 read(3, "2097152\n", 20)          = 8
81209 close(3)                          = 0
81209 mmap(NULL, 262144, PROT_READ|PROT_WRITE, MAP_PRIVATE|MAP_ANONYMOUS, -1, 0) = 0x7fe37013c000
81209 mmap(NULL, 131072, PROT_NONE, MAP_PRIVATE|MAP_ANONYMOUS, -1, 0) = 0x7fe37011c000
81209 mmap(NULL, 1048576, PROT_NONE, MAP_PRIVATE|MAP_ANONYMOUS, -1, 0) = 0x7fe37001c000
81209 mmap(NULL, 8388608, PROT_NONE, MAP_PRIVATE|MAP_ANONYMOUS, -1, 0) = 0x7fe36f81c000
81209 mmap(NULL, 67108864, PROT_NONE, MAP_PRIVATE|MAP_ANONYMOUS, -1, 0) = 0x7fe36b81c000
81209 mmap(NULL, 536870912, PROT_NONE, MAP_PRIVATE|MAP_ANONYMOUS, -1, 0) = 0x7fe34b81c000
81209 mmap(NULL, 536870912, PROT_NONE, MAP_PRIVATE|MAP_ANONYMOUS, -1, 0) = 0x7fe32b81c000
81209 mmap(0xc000000000, 67108864, PROT_NONE, MAP_PRIVATE|MAP_ANONYMOUS, -1, 0) = 0xc000000000
81209 mmap(NULL, 33554432, PROT_READ|PROT_WRITE, MAP_PRIVATE|MAP_ANONYMOUS, -1, 0) = 0x7fe32981c000
81209 madvise(0x7fe32981c000, 33554432, MADV_NOHUGEPAGE) = 0
81209 mmap(NULL, 69648, PROT_READ|PROT_WRITE, MAP_PRIVATE|MAP_ANONYMOUS, -1, 0) = 0x7fe32980a000
81209 mmap(0xc000000000, 4194304, PROT_READ|PROT_WRITE, MAP_PRIVATE|MAP_FIXED|MAP_ANONYMOUS, -1, 0) = 0xc000000000
81209 mmap(0x7fe37011c000, 131072, PROT_READ|PROT_WRITE, MAP_PRIVATE|MAP_FIXED|MAP_ANONYMOUS, -1, 0) = 0x7fe37011c000
81209 mmap(0x7fe37009c000, 4096, PROT_READ|PROT_WRITE, MAP_PRIVATE|MAP_FIXED|MAP_ANONYMOUS, -1, 0) = 0x7fe37009c000
81209 mmap(0x7fe36fc22000, 4096, PROT_READ|PROT_WRITE, MAP_PRIVATE|MAP_FIXED|MAP_ANONYMOUS, -1, 0) = 0x7fe36fc22000
81209 mmap(0x7fe36d84c000, 4096, PROT_READ|PROT_WRITE, MAP_PRIVATE|MAP_FIXED|MAP_ANONYMOUS, -1, 0) = 0x7fe36d84c000
81209 mmap(0x7fe35b99c000, 4096, PROT_READ|PROT_WRITE, MAP_PRIVATE|MAP_FIXED|MAP_ANONYMOUS, -1, 0) = 0x7fe35b99c000
81209 mmap(0x7fe33b99c000, 4096, PROT_READ|PROT_WRITE, MAP_PRIVATE|MAP_FIXED|MAP_ANONYMOUS, -1, 0) = 0x7fe33b99c000
81209 mmap(NULL, 1048576, PROT_READ|PROT_WRITE, MAP_PRIVATE|MAP_ANONYMOUS, -1, 0) = 0x7fe32970a000
81209 madvise(0x7fe32970a000, 1048576, MADV_NOHUGEPAGE) = 0
81209 mmap(NULL, 65536, PROT_READ|PROT_WRITE, MAP_PRIVATE|MAP_ANONYMOUS, -1, 0) = 0x7fe3296fa000
81209 mmap(NULL, 65536, PROT_READ|PROT_WRITE, MAP_PRIVATE|MAP_ANONYMOUS, -1, 0) = 0x7fe3296ea000
81209 rt_sigprocmask(SIG_SETMASK, NULL, [], 8) = 0
81209 fcntl(0, F_GETFD)                 = 0
81209 fcntl(1, F_GETFD)                 = 0
81209 fcntl(2, F_GETFD)                 = 0
81209 openat(AT_FDCWD, "/proc/self/mountinfo", O_RDONLY|O_CLOEXEC) = 3
81209 read(3, "24 30 0:22 / /sys rw,nosuid,nodev,noexec,relatime shared:7 - sysfs sysfs rw\n25 30 0:23 / /proc rw,nosuid,nodev,noexec,relatime shared:12 - proc proc rw\n26 30 0:5 / /dev rw,nosuid,relatime shared:2 - devtmpfs udev rw,size=1926412k,nr_inodes=481603,mode=755,inode64\n27 26 0:24 / /dev/pts rw,nosuid,noexec,relatime shared:3 - devpts devpts rw,gid=5,mode=620,ptmxmode=000\n28 30 0:25 / /run rw,nosuid,nodev,noexec,relatime shared:5 - tmpfs tmpfs rw,size=396884k,mode=755,inode64\n30 1 253:0 / / rw,relatime shared:1 - ext4 /dev/mapper/ubuntu--vg-ubuntu--lv rw\n31 24 0:6 / /sys/kernel/security rw,nosuid,nodev,noexec,relatime shared:8 - securityfs securityfs rw\n32 26 0:27 / /dev/shm rw,nosuid,nodev shared:4 - tmpfs tmpfs rw,inode64\n33 28 0:28 / /run/lock rw,nosuid,nodev,noexec,relatime shared:6 - tmpfs tmpfs rw,size=5120k,inode64\n34 24 0:29 / /sys/fs/cgroup rw,nosuid,nodev,noexec,relatime shared:9 - cgroup2 cgroup2 rw,nsdelegate,memory_recursiveprot\n35 24 0:30 / /sys/fs/pstore rw,nosuid,nodev,noexec,relatime shared:10 - pstore pstore rw\n36 24 0:31 / /sys/fs/bpf rw,nosuid,nodev,noexec,relatime shared:11 - bpf bpf rw,mode=700\n37 25 0:32 / /proc/sys/fs/binfmt_misc rw,relatime shared:13 - autofs systemd-1 rw,fd=29,pgrp=1,timeout=0,minproto=5,maxproto=5,direct,pipe_ino=28417\n38 26 0:33 / /dev/hugepages rw,relatime shared:14 - hugetlbfs hugetlbfs rw,pagesize=2M\n39 26 0:20 / /dev/mqueue rw,nosuid,nodev,noexec,relatime shared:15 - mqueue mqueue rw\n40 24 0:7 / /sys/kernel/debug rw,nosuid,nodev,noexec,relatime shared:16 - debugfs debugfs rw\n41 24 0:12 / /sys/kernel/tracing rw,nosuid,nodev,noexec,relatime shared:17 - tracefs tracefs rw\n42 24 0:34 / /sys/fs/fuse/connections rw,nosuid,nodev,noexec,relatime shared:18 - fusectl fusectl rw\n43 24 0:21 / /sys/kernel/config rw,nosuid,nodev,noexec,relatime shared:19 - configfs configfs rw\n65 28 0:35 / /run/credentials/systemd-sysusers.service ro,nosuid,nodev,noexec,relatime shared:20 - ramfs none rw,mode=700\n89 30 7:0 / /snap/lxd/29351 ro,nodev,relatime shared:30 - squashfs /dev/loop0 ro,errors=continue\n92 30 7:1 / /snap/snapd/21759 ro,nodev,relatime shared:45 - squashfs /dev/loop1 ro,errors=continue\n95 30 7:2 / /snap/core20/2318 ro,nodev,relatime shared:47 - squashfs /dev/loop2 ro,errors=continue\n99 30 8:2 / /boot rw,relatime shared:49 - ext4 /dev/sda2 rw\n102 37 0:37 / /proc/sys/fs/binfmt_misc rw,nosuid,nodev,noexec,relatime shared:51 - binfmt_misc binfmt_misc rw\n301 28 0:25 /snapd/ns /run/snapd/ns rw,nosuid,nodev,noexec,relatime - tmpfs tmpfs rw,size=396884k,mode=755,inode64\n327 301 0:4 mnt:[4026532710] /run/snapd/ns/lxd.mnt rw - nsfs nsfs rw\n328 28 0:46 / /run/user/1000 rw,nosuid,nodev,relatime shared:273 - tmpfs tmpfs rw,size=396880k,nr_inodes=99220,mode=700,uid=1000,gid=1000,inode64\n523 30 7:3 / /snap/core18/2952 ro,nodev,relatime shared:166 - squashfs /dev/loop3 ro,errors=continue\n593 30 7:4 / /snap/bare/5 ro,nodev,relatime shared:285 - squashfs /dev/loop4 ro,errors=continue\n627 30 7:6 / /snap/gnome-3-28-1804/198 ro,nodev,relatime shared:301 - squashfs /dev/loop6 ro,errors=continue\n644 30 7:7 / /snap/gtk-common-themes/1535 ro,nodev,relatime shared:309 - squashfs /dev/loop7 ro,errors=continue\n", 65536) = 3171
81209 read(3, "", 65536)                = 0
81209 close(3)                          = 0
81209 openat(AT_FDCWD, "/proc/self/cgroup", O_RDONLY|O_CLOEXEC) = 3
81209 read(3, "0::/user.slice/user-1000.slice/session-8.scope\n", 65536) = 47
81209 read(3, "", 65536)                = 0
81209 close(3)                          = 0
81209 openat(AT_FDCWD, "/sys/fs/cgroup/user.slice/user-1000.slice/session-8.scope/cpu.max", O_RDONLY|O_CLOEXEC) = -1 ENOENT (No such file or directory)
81209 sigaltstack(NULL, {ss_sp=NULL, ss_flags=SS_DISABLE, ss_size=0}) = 0
81209 sigaltstack({ss_sp=0xc000006000, ss_flags=0, ss_size=32768}, NULL) = 0
81209 rt_sigprocmask(SIG_SETMASK, [], NULL, 8) = 0
81209 gettid()                          = 81209
81209 rt_sigaction(SIGHUP, NULL, {sa_handler=SIG_DFL, sa_mask=[], sa_flags=0}, 8) = 0
81209 rt_sigaction(SIGHUP, {sa_handler=0x480ae0, sa_mask=~[RTMIN RT_1], sa_flags=SA_RESTORER|SA_ONSTACK|SA_RESTART|SA_SIGINFO, sa_restorer=0x7fe3701c1520}, NULL, 8) = 0
81209 rt_sigaction(SIGINT, NULL, {sa_handler=SIG_DFL, sa_mask=[], sa_flags=0}, 8) = 0
81209 rt_sigaction(SIGINT, {sa_handler=0x480ae0, sa_mask=~[RTMIN RT_1], sa_flags=SA_RESTORER|SA_ONSTACK|SA_RESTART|SA_SIGINFO, sa_restorer=0x7fe3701c1520}, NULL, 8) = 0
81209 rt_sigaction(SIGQUIT, NULL, {sa_handler=SIG_DFL, sa_mask=[], sa_flags=0}, 8) = 0
81209 rt_sigaction(SIGQUIT, {sa_handler=0x480ae0, sa_mask=~[RTMIN RT_1], sa_flags=SA_RESTORER|SA_ONSTACK|SA_RESTART|SA_SIGINFO, sa_restorer=0x7fe3701c1520}, NULL, 8) = 0
81209 rt_sigaction(SIGILL, NULL, {sa_handler=SIG_DFL, sa_mask=[], sa_flags=0}, 8) = 0
81209 rt_sigaction(SIGILL, {sa_handler=0x480ae0, sa_mask=~[RTMIN RT_1], sa_flags=SA_RESTORER|SA_ONSTACK|SA_RESTART|SA_SIGINFO, sa_restorer=0x7fe3701c1520}, NULL, 8) = 0
81209 rt_sigaction(SIGTRAP, NULL, {sa_handler=SIG_DFL, sa_mask=[], sa_flags=0}, 8) = 0
81209 rt_sigaction(SIGTRAP, {sa_handler=0x480ae0, sa_mask=~[RTMIN RT_1], sa_flags=SA_RESTORER|SA_ONSTACK|SA_RESTART|SA_SIGINFO, sa_restorer=0x7fe3701c1520}, NULL, 8) = 0
81209 rt_sigaction(SIGABRT, NULL, {sa_handler=SIG_DFL, sa_mask=[], sa_flags=0}, 8) = 0
81209 rt_sigaction(SIGABRT, {sa_handler=0x480ae0, sa_mask=~[RTMIN RT_1], sa_flags=SA_RESTORER|SA_ONSTACK|SA_RESTART|SA_SIGINFO, sa_restorer=0x7fe3701c1520}, NULL, 8) = 0
81209 rt_sigaction(SIGBUS, NULL, {sa_handler=SIG_DFL, sa_mask=[], sa_flags=0}, 8) = 0
81209 rt_sigaction(SIGBUS, {sa_handler=0x480ae0, sa_mask=~[RTMIN RT_1], sa_flags=SA_RESTORER|SA_ONSTACK|SA_RESTART|SA_SIGINFO, sa_restorer=0x7fe3701c1520}, NULL, 8) = 0
81209 rt_sigaction(SIGFPE, NULL, {sa_handler=SIG_DFL, sa_mask=[], sa_flags=0}, 8) = 0
81209 rt_sigaction(SIGFPE, {sa_handler=0x480ae0, sa_mask=~[RTMIN RT_1], sa_flags=SA_RESTORER|SA_ONSTACK|SA_RESTART|SA_SIGINFO, sa_restorer=0x7fe3701c1520}, NULL, 8) = 0
81209 rt_sigaction(SIGUSR1, NULL, {sa_handler=SIG_DFL, sa_mask=[], sa_flags=0}, 8) = 0
81209 rt_sigaction(SIGUSR1, {sa_handler=0x480ae0, sa_mask=~[RTMIN RT_1], sa_flags=SA_RESTORER|SA_ONSTACK|SA_RESTART|SA_SIGINFO, sa_restorer=0x7fe3701c1520}, NULL, 8) = 0
81209 rt_sigaction(SIGSEGV, NULL, {sa_handler=SIG_DFL, sa_mask=[], sa_flags=0}, 8) = 0
81209 rt_sigaction(SIGSEGV, {sa_handler=0x480ae0, sa_mask=~[RTMIN RT_1], sa_flags=SA_RESTORER|SA_ONSTACK|SA_RESTART|SA_SIGINFO, sa_restorer=0x7fe3701c1520}, NULL, 8) = 0
81209 rt_sigaction(SIGUSR2, NULL, {sa_handler=SIG_DFL, sa_mask=[], sa_flags=0}, 8) = 0
81209 rt_sigaction(SIGUSR2, {sa_handler=0x480ae0, sa_mask=~[RTMIN RT_1], sa_flags=SA_RESTORER|SA_ONSTACK|SA_RESTART|SA_SIGINFO, sa_restorer=0x7fe3701c1520}, NULL, 8) = 0
81209 rt_sigaction(SIGPIPE, NULL, {sa_handler=SIG_DFL, sa_mask=[], sa_flags=0}, 8) = 0
81209 rt_sigaction(SIGPIPE, {sa_handler=0x480ae0, sa_mask=~[RTMIN RT_1], sa_flags=SA_RESTORER|SA_ONSTACK|SA_RESTART|SA_SIGINFO, sa_restorer=0x7fe3701c1520}, NULL, 8) = 0
81209 rt_sigaction(SIGALRM, NULL, {sa_handler=SIG_DFL, sa_mask=[], sa_flags=0}, 8) = 0
81209 rt_sigaction(SIGALRM, {sa_handler=0x480ae0, sa_mask=~[RTMIN RT_1], sa_flags=SA_RESTORER|SA_ONSTACK|SA_RESTART|SA_SIGINFO, sa_restorer=0x7fe3701c1520}, NULL, 8) = 0
81209 rt_sigaction(SIGTERM, NULL, {sa_handler=SIG_DFL, sa_mask=[], sa_flags=0}, 8) = 0
81209 rt_sigaction(SIGTERM, {sa_handler=0x480ae0, sa_mask=~[RTMIN RT_1], sa_flags=SA_RESTORER|SA_ONSTACK|SA_RESTART|SA_SIGINFO, sa_restorer=0x7fe3701c1520}, NULL, 8) = 0
81209 rt_sigaction(SIGSTKFLT, NULL, {sa_handler=SIG_DFL, sa_mask=[], sa_flags=0}, 8) = 0
81209 rt_sigaction(SIGSTKFLT, {sa_handler=0x480ae0, sa_mask=~[RTMIN RT_1], sa_flags=SA_RESTORER|SA_ONSTACK|SA_RESTART|SA_SIGINFO, sa_restorer=0x7fe3701c1520}, NULL, 8) = 0
81209 rt_sigaction(SIGCHLD, NULL, {sa_handler=SIG_DFL, sa_mask=[], sa_flags=0}, 8) = 0
81209 rt_sigaction(SIGCHLD, {sa_handler=0x480ae0, sa_mask=~[RTMIN RT_1], sa_flags=SA_RESTORER|SA_ONSTACK|SA_RESTART|SA_SIGINFO, sa_restorer=0x7fe3701c1520}, NULL, 8) = 0
81209 rt_sigaction(SIGURG, NULL, {sa_handler=SIG_DFL, sa_mask=[], sa_flags=0}, 8) = 0
81209 rt_sigaction(SIGURG, {sa_handler=0x480ae0, sa_mask=~[RTMIN RT_1], sa_flags=SA_RESTORER|SA_ONSTACK|SA_RESTART|SA_SIGINFO, sa_restorer=0x7fe3701c1520}, NULL, 8) = 0
81209 rt_sigaction(SIGXCPU, NULL, {sa_handler=SIG_DFL, sa_mask=[], sa_flags=0}, 8) = 0
81209 rt_sigaction(SIGXCPU, {sa_handler=0x480ae0, sa_mask=~[RTMIN RT_1], sa_flags=SA_RESTORER|SA_ONSTACK|SA_RESTART|SA_SIGINFO, sa_restorer=0x7fe3701c1520}, NULL, 8) = 0
81209 rt_sigaction(SIGXFSZ, NULL, {sa_handler=SIG_DFL, sa_mask=[], sa_flags=0}, 8) = 0
81209 rt_sigaction(SIGXFSZ, {sa_handler=0x480ae0, sa_mask=~[RTMIN RT_1], sa_flags=SA_RESTORER|SA_ONSTACK|SA_RESTART|SA_SIGINFO, sa_restorer=0x7fe3701c1520}, NULL, 8) = 0
81209 rt_sigaction(SIGVTALRM, NULL, {sa_handler=SIG_DFL, sa_mask=[], sa_flags=0}, 8) = 0
81209 rt_sigaction(SIGVTALRM, {sa_handler=0x480ae0, sa_mask=~[RTMIN RT_1], sa_flags=SA_RESTORER|SA_ONSTACK|SA_RESTART|SA_SIGINFO, sa_restorer=0x7fe3701c1520}, NULL, 8) = 0
81209 rt_sigaction(SIGPROF, NULL, {sa_handler=SIG_DFL, sa_mask=[], sa_flags=0}, 8) = 0
81209 rt_sigaction(SIGPROF, {sa_handler=0x480ae0, sa_mask=~[RTMIN RT_1], sa_flags=SA_RESTORER|SA_ONSTACK|SA_RESTART|SA_SIGINFO, sa_restorer=0x7fe3701c1520}, NULL, 8) = 0
81209 rt_sigaction(SIGWINCH, NULL, {sa_handler=SIG_DFL, sa_mask=[], sa_flags=0}, 8) = 0
81209 rt_sigaction(SIGWINCH, {sa_handler=0x480ae0, sa_mask=~[RTMIN RT_1], sa_flags=SA_RESTORER|SA_ONSTACK|SA_RESTART|SA_SIGINFO, sa_restorer=0x7fe3701c1520}, NULL, 8) = 0
81209 rt_sigaction(SIGIO, NULL, {sa_handler=SIG_DFL, sa_mask=[], sa_flags=0}, 8) = 0
81209 rt_sigaction(SIGIO, {sa_handler=0x480ae0, sa_mask=~[RTMIN RT_1], sa_flags=SA_RESTORER|SA_ONSTACK|SA_RESTART|SA_SIGINFO, sa_restorer=0x7fe3701c1520}, NULL, 8) = 0
81209 rt_sigaction(SIGPWR, NULL, {sa_handler=SIG_DFL, sa_mask=[], sa_flags=0}, 8) = 0
81209 rt_sigaction(SIGPWR, {sa_handler=0x480ae0, sa_mask=~[RTMIN RT_1], sa_flags=SA_RESTORER|SA_ONSTACK|SA_RESTART|SA_SIGINFO, sa_restorer=0x7fe3701c1520}, NULL, 8) = 0
81209 rt_sigaction(SIGSYS, NULL, {sa_handler=SIG_DFL, sa_mask=[], sa_flags=0}, 8) = 0
81209 rt_sigaction(SIGSYS, {sa_handler=0x480ae0, sa_mask=~[RTMIN RT_1], sa_flags=SA_RESTORER|SA_ONSTACK|SA_RESTART|SA_SIGINFO, sa_restorer=0x7fe3701c1520}, NULL, 8) = 0
81209 rt_sigaction(SIGRTMIN, NULL, {sa_handler=SIG_DFL, sa_mask=[], sa_flags=0}, 8) = 0
81209 rt_sigaction(SIGRT_1, NULL, {sa_handler=SIG_DFL, sa_mask=[], sa_flags=0}, 8) = 0
81209 rt_sigaction(SIGRT_2, NULL, {sa_handler=SIG_DFL, sa_mask=[], sa_flags=0}, 8) = 0
81209 rt_sigaction(SIGRT_3, NULL, {sa_handler=SIG_DFL, sa_mask=[], sa_flags=0}, 8) = 0
81209 rt_sigaction(SIGRT_3, {sa_handler=0x480ae0, sa_mask=~[RTMIN RT_1], sa_flags=SA_RESTORER|SA_ONSTACK|SA_RESTART|SA_SIGINFO, sa_restorer=0x7fe3701c1520}, NULL, 8) = 0
81209 rt_sigaction(SIGRT_4, NULL, {sa_handler=SIG_DFL, sa_mask=[], sa_flags=0}, 8) = 0
81209 rt_sigaction(SIGRT_4, {sa_handler=0x480ae0, sa_mask=~[RTMIN RT_1], sa_flags=SA_RESTORER|SA_ONSTACK|SA_RESTART|SA_SIGINFO, sa_restorer=0x7fe3701c1520}, NULL, 8) = 0
81209 rt_sigaction(SIGRT_5, NULL, {sa_handler=SIG_DFL, sa_mask=[], sa_flags=0}, 8) = 0
81209 rt_sigaction(SIGRT_5, {sa_handler=0x480ae0, sa_mask=~[RTMIN RT_1], sa_flags=SA_RESTORER|SA_ONSTACK|SA_RESTART|SA_SIGINFO, sa_restorer=0x7fe3701c1520}, NULL, 8) = 0
81209 rt_sigaction(SIGRT_6, NULL, {sa_handler=SIG_DFL, sa_mask=[], sa_flags=0}, 8) = 0
81209 rt_sigaction(SIGRT_6, {sa_handler=0x480ae0, sa_mask=~[RTMIN RT_1], sa_flags=SA_RESTORER|SA_ONSTACK|SA_RESTART|SA_SIGINFO, sa_restorer=0x7fe3701c1520}, NULL, 8) = 0
81209 rt_sigaction(SIGRT_7, NULL, {sa_handler=SIG_DFL, sa_mask=[], sa_flags=0}, 8) = 0
81209 rt_sigaction(SIGRT_7, {sa_handler=0x480ae0, sa_mask=~[RTMIN RT_1], sa_flags=SA_RESTORER|SA_ONSTACK|SA_RESTART|SA_SIGINFO, sa_restorer=0x7fe3701c1520}, NULL, 8) = 0
81209 rt_sigaction(SIGRT_8, NULL, {sa_handler=SIG_DFL, sa_mask=[], sa_flags=0}, 8) = 0
81209 rt_sigaction(SIGRT_8, {sa_handler=0x480ae0, sa_mask=~[RTMIN RT_1], sa_flags=SA_RESTORER|SA_ONSTACK|SA_RESTART|SA_SIGINFO, sa_restorer=0x7fe3701c1520}, NULL, 8) = 0
81209 rt_sigaction(SIGRT_9, NULL, {sa_handler=SIG_DFL, sa_mask=[], sa_flags=0}, 8) = 0
81209 rt_sigaction(SIGRT_9, {sa_handler=0x480ae0, sa_mask=~[RTMIN RT_1], sa_flags=SA_RESTORER|SA_ONSTACK|SA_RESTART|SA_SIGINFO, sa_restorer=0x7fe3701c1520}, NULL, 8) = 0
81209 rt_sigaction(SIGRT_10, NULL, {sa_handler=SIG_DFL, sa_mask=[], sa_flags=0}, 8) = 0
81209 rt_sigaction(SIGRT_10, {sa_handler=0x480ae0, sa_mask=~[RTMIN RT_1], sa_flags=SA_RESTORER|SA_ONSTACK|SA_RESTART|SA_SIGINFO, sa_restorer=0x7fe3701c1520}, NULL, 8) = 0
81209 rt_sigaction(SIGRT_11, NULL, {sa_handler=SIG_DFL, sa_mask=[], sa_flags=0}, 8) = 0
81209 rt_sigaction(SIGRT_11, {sa_handler=0x480ae0, sa_mask=~[RTMIN RT_1], sa_flags=SA_RESTORER|SA_ONSTACK|SA_RESTART|SA_SIGINFO, sa_restorer=0x7fe3701c1520}, NULL, 8) = 0
81209 rt_sigaction(SIGRT_12, NULL, {sa_handler=SIG_DFL, sa_mask=[], sa_flags=0}, 8) = 0
81209 rt_sigaction(SIGRT_12, {sa_handler=0x480ae0, sa_mask=~[RTMIN RT_1], sa_flags=SA_RESTORER|SA_ONSTACK|SA_RESTART|SA_SIGINFO, sa_restorer=0x7fe3701c1520}, NULL, 8) = 0
81209 rt_sigaction(SIGRT_13, NULL, {sa_handler=SIG_DFL, sa_mask=[], sa_flags=0}, 8) = 0
81209 rt_sigaction(SIGRT_13, {sa_handler=0x480ae0, sa_mask=~[RTMIN RT_1], sa_flags=SA_RESTORER|SA_ONSTACK|SA_RESTART|SA_SIGINFO, sa_restorer=0x7fe3701c1520}, NULL, 8) = 0
81209 rt_sigaction(SIGRT_14, NULL, {sa_handler=SIG_DFL, sa_mask=[], sa_flags=0}, 8) = 0
81209 rt_sigaction(SIGRT_14, {sa_handler=0x480ae0, sa_mask=~[RTMIN RT_1], sa_flags=SA_RESTORER|SA_ONSTACK|SA_RESTART|SA_SIGINFO, sa_restorer=0x7fe3701c1520}, NULL, 8) = 0
81209 rt_sigaction(SIGRT_15, NULL, {sa_handler=SIG_DFL, sa_mask=[], sa_flags=0}, 8) = 0
81209 rt_sigaction(SIGRT_15, {sa_handler=0x480ae0, sa_mask=~[RTMIN RT_1], sa_flags=SA_RESTORER|SA_ONSTACK|SA_RESTART|SA_SIGINFO, sa_restorer=0x7fe3701c1520}, NULL, 8) = 0
81209 rt_sigaction(SIGRT_16, NULL, {sa_handler=SIG_DFL, sa_mask=[], sa_flags=0}, 8) = 0
81209 rt_sigaction(SIGRT_16, {sa_handler=0x480ae0, sa_mask=~[RTMIN RT_1], sa_flags=SA_RESTORER|SA_ONSTACK|SA_RESTART|SA_SIGINFO, sa_restorer=0x7fe3701c1520}, NULL, 8) = 0
81209 rt_sigaction(SIGRT_17, NULL, {sa_handler=SIG_DFL, sa_mask=[], sa_flags=0}, 8) = 0
81209 rt_sigaction(SIGRT_17, {sa_handler=0x480ae0, sa_mask=~[RTMIN RT_1], sa_flags=SA_RESTORER|SA_ONSTACK|SA_RESTART|SA_SIGINFO, sa_restorer=0x7fe3701c1520}, NULL, 8) = 0
81209 rt_sigaction(SIGRT_18, NULL, {sa_handler=SIG_DFL, sa_mask=[], sa_flags=0}, 8) = 0
81209 rt_sigaction(SIGRT_18, {sa_handler=0x480ae0, sa_mask=~[RTMIN RT_1], sa_flags=SA_RESTORER|SA_ONSTACK|SA_RESTART|SA_SIGINFO, sa_restorer=0x7fe3701c1520}, NULL, 8) = 0
81209 rt_sigaction(SIGRT_19, NULL, {sa_handler=SIG_DFL, sa_mask=[], sa_flags=0}, 8) = 0
81209 rt_sigaction(SIGRT_19, {sa_handler=0x480ae0, sa_mask=~[RTMIN RT_1], sa_flags=SA_RESTORER|SA_ONSTACK|SA_RESTART|SA_SIGINFO, sa_restorer=0x7fe3701c1520}, NULL, 8) = 0
81209 rt_sigaction(SIGRT_20, NULL, {sa_handler=SIG_DFL, sa_mask=[], sa_flags=0}, 8) = 0
81209 rt_sigaction(SIGRT_20, {sa_handler=0x480ae0, sa_mask=~[RTMIN RT_1], sa_flags=SA_RESTORER|SA_ONSTACK|SA_RESTART|SA_SIGINFO, sa_restorer=0x7fe3701c1520}, NULL, 8) = 0
81209 rt_sigaction(SIGRT_21, NULL, {sa_handler=SIG_DFL, sa_mask=[], sa_flags=0}, 8) = 0
81209 rt_sigaction(SIGRT_21, {sa_handler=0x480ae0, sa_mask=~[RTMIN RT_1], sa_flags=SA_RESTORER|SA_ONSTACK|SA_RESTART|SA_SIGINFO, sa_restorer=0x7fe3701c1520}, NULL, 8) = 0
81209 rt_sigaction(SIGRT_22, NULL, {sa_handler=SIG_DFL, sa_mask=[], sa_flags=0}, 8) = 0
81209 rt_sigaction(SIGRT_22, {sa_handler=0x480ae0, sa_mask=~[RTMIN RT_1], sa_flags=SA_RESTORER|SA_ONSTACK|SA_RESTART|SA_SIGINFO, sa_restorer=0x7fe3701c1520}, NULL, 8) = 0
81209 rt_sigaction(SIGRT_23, NULL, {sa_handler=SIG_DFL, sa_mask=[], sa_flags=0}, 8) = 0
81209 rt_sigaction(SIGRT_23, {sa_handler=0x480ae0, sa_mask=~[RTMIN RT_1], sa_flags=SA_RESTORER|SA_ONSTACK|SA_RESTART|SA_SIGINFO, sa_restorer=0x7fe3701c1520}, NULL, 8) = 0
81209 rt_sigaction(SIGRT_24, NULL, {sa_handler=SIG_DFL, sa_mask=[], sa_flags=0}, 8) = 0
81209 rt_sigaction(SIGRT_24, {sa_handler=0x480ae0, sa_mask=~[RTMIN RT_1], sa_flags=SA_RESTORER|SA_ONSTACK|SA_RESTART|SA_SIGINFO, sa_restorer=0x7fe3701c1520}, NULL, 8) = 0
81209 rt_sigaction(SIGRT_25, NULL, {sa_handler=SIG_DFL, sa_mask=[], sa_flags=0}, 8) = 0
81209 rt_sigaction(SIGRT_25, {sa_handler=0x480ae0, sa_mask=~[RTMIN RT_1], sa_flags=SA_RESTORER|SA_ONSTACK|SA_RESTART|SA_SIGINFO, sa_restorer=0x7fe3701c1520}, NULL, 8) = 0
81209 rt_sigaction(SIGRT_26, NULL, {sa_handler=SIG_DFL, sa_mask=[], sa_flags=0}, 8) = 0
81209 rt_sigaction(SIGRT_26, {sa_handler=0x480ae0, sa_mask=~[RTMIN RT_1], sa_flags=SA_RESTORER|SA_ONSTACK|SA_RESTART|SA_SIGINFO, sa_restorer=0x7fe3701c1520}, NULL, 8) = 0
81209 rt_sigaction(SIGRT_27, NULL, {sa_handler=SIG_DFL, sa_mask=[], sa_flags=0}, 8) = 0
81209 rt_sigaction(SIGRT_27, {sa_handler=0x480ae0, sa_mask=~[RTMIN RT_1], sa_flags=SA_RESTORER|SA_ONSTACK|SA_RESTART|SA_SIGINFO, sa_restorer=0x7fe3701c1520}, NULL, 8) = 0
81209 rt_sigaction(SIGRT_28, NULL, {sa_handler=SIG_DFL, sa_mask=[], sa_flags=0}, 8) = 0
81209 rt_sigaction(SIGRT_28, {sa_handler=0x480ae0, sa_mask=~[RTMIN RT_1], sa_flags=SA_RESTORER|SA_ONSTACK|SA_RESTART|SA_SIGINFO, sa_restorer=0x7fe3701c1520}, NULL, 8) = 0
81209 rt_sigaction(SIGRT_29, NULL, {sa_handler=SIG_DFL, sa_mask=[], sa_flags=0}, 8) = 0
81209 rt_sigaction(SIGRT_29, {sa_handler=0x480ae0, sa_mask=~[RTMIN RT_1], sa_flags=SA_RESTORER|SA_ONSTACK|SA_RESTART|SA_SIGINFO, sa_restorer=0x7fe3701c1520}, NULL, 8) = 0
81209 rt_sigaction(SIGRT_30, NULL, {sa_handler=SIG_DFL, sa_mask=[], sa_flags=0}, 8) = 0
81209 rt_sigaction(SIGRT_30, {sa_handler=0x480ae0, sa_mask=~[RTMIN RT_1], sa_flags=SA_RESTORER|SA_ONSTACK|SA_RESTART|SA_SIGINFO, sa_restorer=0x7fe3701c1520}, NULL, 8) = 0
81209 rt_sigaction(SIGRT_31, NULL, {sa_handler=SIG_DFL, sa_mask=[], sa_flags=0}, 8) = 0
81209 rt_sigaction(SIGRT_31, {sa_handler=0x480ae0, sa_mask=~[RTMIN RT_1], sa_flags=SA_RESTORER|SA_ONSTACK|SA_RESTART|SA_SIGINFO, sa_restorer=0x7fe3701c1520}, NULL, 8) = 0
81209 rt_sigaction(SIGRT_32, NULL, {sa_handler=SIG_DFL, sa_mask=[], sa_flags=0}, 8) = 0
81209 rt_sigaction(SIGRT_32, {sa_handler=0x480ae0, sa_mask=~[RTMIN RT_1], sa_flags=SA_RESTORER|SA_ONSTACK|SA_RESTART|SA_SIGINFO, sa_restorer=0x7fe3701c1520}, NULL, 8) = 0
81209 rt_sigprocmask(SIG_SETMASK, ~[RTMIN RT_1], [], 8) = 0
81209 rt_sigaction(SIGRT_1, {sa_handler=0x7fe370210870, sa_mask=[], sa_flags=SA_RESTORER|SA_ONSTACK|SA_RESTART|SA_SIGINFO, sa_restorer=0x7fe3701c1520}, NULL, 8) = 0
81209 rt_sigprocmask(SIG_UNBLOCK, [RTMIN RT_1], NULL, 8) = 0
81209 mmap(NULL, 8392704, PROT_NONE, MAP_PRIVATE|MAP_ANONYMOUS|MAP_STACK, -1, 0) = 0x7fe328ee9000
81209 mprotect(0x7fe328eea000, 8388608, PROT_READ|PROT_WRITE) = 0
81209 rt_sigprocmask(SIG_BLOCK, ~[], ~[KILL STOP RTMIN RT_1], 8) = 0
81209 clone3({flags=CLONE_VM|CLONE_FS|CLONE_FILES|CLONE_SIGHAND|CLONE_THREAD|CLONE_SYSVSEM|CLONE_SETTLS|CLONE_PARENT_SETTID|CLONE_CHILD_CLEARTID, child_tid=0x7fe3296e9910, parent_tid=0x7fe3296e9910, exit_signal=0, stack=0x7fe328ee9000, stack_size=0x7fff00, tls=0x7fe3296e9640} => {parent_tid=[81210]}, 88) = 81210
81209 rt_sigprocmask(SIG_SETMASK, ~[KILL STOP RTMIN RT_1], NULL, 8) = 0
81209 rt_sigprocmask(SIG_SETMASK, [], NULL, 8) = 0
81209 mmap(NULL, 262144, PROT_READ|PROT_WRITE, MAP_PRIVATE|MAP_ANONYMOUS, -1, 0) = 0x7fe328ea9000
81209 prctl(0x53564d41 /* PR_??? */, 0, 0x7fe328ea9000, 0x40000, 0x7ffc418a4830) = -1 EINVAL (Invalid argument)
81209 rt_sigprocmask(SIG_SETMASK, ~[RTMIN RT_1], [], 8) = 0
81209 mmap(NULL, 8392704, PROT_NONE, MAP_PRIVATE|MAP_ANONYMOUS|MAP_STACK, -1, 0) = 0x7fe3286a8000
81209 mprotect(0x7fe3286a9000, 8388608, PROT_READ|PROT_WRITE) = 0
81209 rt_sigprocmask(SIG_BLOCK, ~[], ~[KILL STOP RTMIN RT_1], 8) = 0
81209 clone3({flags=CLONE_VM|CLONE_FS|CLONE_FILES|CLONE_SIGHAND|CLONE_THREAD|CLONE_SYSVSEM|CLONE_SETTLS|CLONE_PARENT_SETTID|CLONE_CHILD_CLEARTID, child_tid=0x7fe328ea8910, parent_tid=0x7fe328ea8910, exit_signal=0, stack=0x7fe3286a8000, stack_size=0x7fff00, tls=0x7fe328ea8640} => {parent_tid=[81211]}, 88) = 81211
81209 rt_sigprocmask(SIG_SETMASK, ~[KILL STOP RTMIN RT_1], NULL, 8) = 0
81209 rt_sigprocmask(SIG_SETMASK, [], NULL, 8) = 0
81209 rt_sigprocmask(SIG_SETMASK, ~[RTMIN RT_1],  <unfinished ...>
81211 rseq(0x7fe328ea8fe0, 0x20, 0, 0x53053053 <unfinished ...>
81209 <... rt_sigprocmask resumed>[], 8) = 0
81209 mmap(NULL, 8392704, PROT_NONE, MAP_PRIVATE|MAP_ANONYMOUS|MAP_STACK, -1, 0) = 0x7fe327ea7000
81209 mprotect(0x7fe327ea8000, 8388608, PROT_READ|PROT_WRITE) = 0
81209 rt_sigprocmask(SIG_BLOCK, ~[], ~[KILL STOP RTMIN RT_1], 8) = 0
81209 clone3({flags=CLONE_VM|CLONE_FS|CLONE_FILES|CLONE_SIGHAND|CLONE_THREAD|CLONE_SYSVSEM|CLONE_SETTLS|CLONE_PARENT_SETTID|CLONE_CHILD_CLEARTID, child_tid=0x7fe3286a7910, parent_tid=0x7fe3286a7910, exit_signal=0, stack=0x7fe327ea7000, stack_size=0x7fff00, tls=0x7fe3286a7640} <unfinished ...>
81211 <... rseq resumed>)               = 0
81209 <... clone3 resumed> => {parent_tid=[81212]}, 88) = 81212
81209 rt_sigprocmask(SIG_SETMASK, ~[KILL STOP RTMIN RT_1], NULL, 8) = 0
81209 rt_sigprocmask(SIG_SETMASK, [], NULL, 8) = 0
81209 futex(0x989dd0, FUTEX_WAIT_PRIVATE, 0, NULL <unfinished ...>
81210 rseq(0x7fe3296e9fe0, 0x20, 0, 0x53053053) = 0
81210 set_robust_list(0x7fe3296e9920, 24) = 0
81210 rt_sigprocmask(SIG_SETMASK, ~[KILL STOP RTMIN RT_1], NULL, 8) = 0
81210 mmap(NULL, 134217728, PROT_NONE, MAP_PRIVATE|MAP_ANONYMOUS|MAP_NORESERVE, -1, 0) = 0x7fe31fea7000
81210 munmap(0x7fe31fea7000, 1413120)   = 0
81210 munmap(0x7fe324000000, 65695744)  = 0
81210 mprotect(0x7fe320000000, 135168, PROT_READ|PROT_WRITE) = 0
81210 sigaltstack(NULL, {ss_sp=NULL, ss_flags=SS_DISABLE, ss_size=0}) = 0
81210 sigaltstack({ss_sp=0xc00005e000, ss_flags=0, ss_size=32768}, NULL) = 0
81210 rt_sigprocmask(SIG_SETMASK, [], NULL, 8) = 0
81210 gettid()                          = 81210
81210 nanosleep({tv_sec=0, tv_nsec=20000},  <unfinished ...>
81212 rseq(0x7fe3286a7fe0, 0x20, 0, 0x53053053 <unfinished ...>
81211 set_robust_list(0x7fe328ea8920, 24 <unfinished ...>
81212 <... rseq resumed>)               = 0
81211 <... set_robust_list resumed>)    = 0
81210 <... nanosleep resumed>NULL)      = 0
81210 sched_getaffinity(0, 8192, [0, 1]) = 16
81210 nanosleep({tv_sec=0, tv_nsec=20000},  <unfinished ...>
81212 set_robust_list(0x7fe3286a7920, 24 <unfinished ...>
81211 rt_sigprocmask(SIG_SETMASK, ~[KILL STOP RTMIN RT_1],  <unfinished ...>
81210 <... nanosleep resumed>NULL)      = 0
81210 nanosleep({tv_sec=0, tv_nsec=20000},  <unfinished ...>
81212 <... set_robust_list resumed>)    = 0
81211 <... rt_sigprocmask resumed>NULL, 8) = 0
81210 <... nanosleep resumed>NULL)      = 0
81211 mmap(NULL, 134217728, PROT_NONE, MAP_PRIVATE|MAP_ANONYMOUS|MAP_NORESERVE, -1, 0 <unfinished ...>
81210 nanosleep({tv_sec=0, tv_nsec=20000},  <unfinished ...>
81212 rt_sigprocmask(SIG_SETMASK, ~[KILL STOP RTMIN RT_1],  <unfinished ...>
81211 <... mmap resumed>)               = 0x7fe318000000
81210 <... nanosleep resumed>NULL)      = 0
81210 nanosleep({tv_sec=0, tv_nsec=20000},  <unfinished ...>
81212 <... rt_sigprocmask resumed>NULL, 8) = 0
81211 munmap(0x7fe31c000000, 67108864 <unfinished ...>
81210 <... nanosleep resumed>NULL)      = 0
81211 <... munmap resumed>)             = 0
81210 nanosleep({tv_sec=0, tv_nsec=20000},  <unfinished ...>
81212 mmap(0x7fe31c000000, 67108864, PROT_NONE, MAP_PRIVATE|MAP_ANONYMOUS|MAP_NORESERVE, -1, 0 <unfinished ...>
81211 mprotect(0x7fe318000000, 135168, PROT_READ|PROT_WRITE <unfinished ...>
81210 <... nanosleep resumed>NULL)      = 0
81212 <... mmap resumed>)               = 0x7fe31c000000
81211 <... mprotect resumed>)           = 0
81210 nanosleep({tv_sec=0, tv_nsec=20000},  <unfinished ...>
81212 mprotect(0x7fe31c000000, 135168, PROT_READ|PROT_WRITE <unfinished ...>
81211 sigaltstack(NULL,  <unfinished ...>
81210 <... nanosleep resumed>NULL)      = 0
81210 nanosleep({tv_sec=0, tv_nsec=20000},  <unfinished ...>
81212 <... mprotect resumed>)           = 0
81211 <... sigaltstack resumed>{ss_sp=NULL, ss_flags=SS_DISABLE, ss_size=0}) = 0
81210 <... nanosleep resumed>NULL)      = 0
81210 nanosleep({tv_sec=0, tv_nsec=20000},  <unfinished ...>
81212 sigaltstack(NULL,  <unfinished ...>
81211 sigaltstack({ss_sp=0xc000068000, ss_flags=0, ss_size=32768},  <unfinished ...>
81210 <... nanosleep resumed>NULL)      = 0
81210 nanosleep({tv_sec=0, tv_nsec=20000},  <unfinished ...>
81212 <... sigaltstack resumed>{ss_sp=NULL, ss_flags=SS_DISABLE, ss_size=0}) = 0
81211 <... sigaltstack resumed>NULL)    = 0
81210 <... nanosleep resumed>NULL)      = 0
81210 nanosleep({tv_sec=0, tv_nsec=20000},  <unfinished ...>
81212 sigaltstack({ss_sp=0xc000076000, ss_flags=0, ss_size=32768},  <unfinished ...>
81211 rt_sigprocmask(SIG_SETMASK, [],  <unfinished ...>
81210 <... nanosleep resumed>NULL)      = 0
81210 nanosleep({tv_sec=0, tv_nsec=20000},  <unfinished ...>
81212 <... sigaltstack resumed>NULL)    = 0
81211 <... rt_sigprocmask resumed>NULL, 8) = 0
81210 <... nanosleep resumed>NULL)      = 0
81210 nanosleep({tv_sec=0, tv_nsec=20000},  <unfinished ...>
81212 rt_sigprocmask(SIG_SETMASK, [],  <unfinished ...>
81211 gettid( <unfinished ...>
81210 <... nanosleep resumed>NULL)      = 0
81210 nanosleep({tv_sec=0, tv_nsec=20000},  <unfinished ...>
81212 <... rt_sigprocmask resumed>NULL, 8) = 0
81211 <... gettid resumed>)             = 81211
81210 <... nanosleep resumed>NULL)      = 0
81211 futex(0x989dd0, FUTEX_WAKE_PRIVATE, 1 <unfinished ...>
81210 nanosleep({tv_sec=0, tv_nsec=20000},  <unfinished ...>
81209 <... futex resumed>)              = 0
81212 gettid( <unfinished ...>
81211 <... futex resumed>)              = 1
81209 mmap(NULL, 262144, PROT_READ|PROT_WRITE, MAP_PRIVATE|MAP_ANONYMOUS, -1, 0) = 0x7fe327e67000
81209 rt_sigprocmask(SIG_SETMASK, ~[RTMIN RT_1], [], 8) = 0
81211 futex(0xc00004d158, FUTEX_WAIT_PRIVATE, 0, NULL <unfinished ...>
81209 mmap(NULL, 8392704, PROT_NONE, MAP_PRIVATE|MAP_ANONYMOUS|MAP_STACK, -1, 0) = 0x7fe327666000
81209 mprotect(0x7fe327667000, 8388608, PROT_READ|PROT_WRITE) = 0
81209 rt_sigprocmask(SIG_BLOCK, ~[], ~[KILL STOP RTMIN RT_1], 8) = 0
81209 clone3({flags=CLONE_VM|CLONE_FS|CLONE_FILES|CLONE_SIGHAND|CLONE_THREAD|CLONE_SYSVSEM|CLONE_SETTLS|CLONE_PARENT_SETTID|CLONE_CHILD_CLEARTID, child_tid=0x7fe327e66910, parent_tid=0x7fe327e66910, exit_signal=0, stack=0x7fe327666000, stack_size=0x7fff00, tls=0x7fe327e66640} => {parent_tid=[81213]}, 88) = 81213
81212 <... gettid resumed>)             = 81212
81209 rt_sigprocmask(SIG_SETMASK, ~[KILL STOP RTMIN RT_1], NULL, 8) = 0
81209 rt_sigprocmask(SIG_SETMASK, [], NULL, 8) = 0
81209 futex(0x989dd0, FUTEX_WAIT_PRIVATE, 0, NULL <unfinished ...>
81210 <... nanosleep resumed>NULL)      = 0
81210 nanosleep({tv_sec=0, tv_nsec=20000},  <unfinished ...>
81213 rseq(0x7fe327e66fe0, 0x20, 0, 0x53053053 <unfinished ...>
81212 futex(0x989dd0, FUTEX_WAKE_PRIVATE, 1 <unfinished ...>
81210 <... nanosleep resumed>NULL)      = 0
81210 nanosleep({tv_sec=0, tv_nsec=20000},  <unfinished ...>
81209 <... futex resumed>)              = 0
81213 <... rseq resumed>)               = 0
81212 <... futex resumed>)              = 1
81209 rt_sigprocmask(SIG_SETMASK, ~[RTMIN RT_1],  <unfinished ...>
81213 set_robust_list(0x7fe327e66920, 24 <unfinished ...>
81212 futex(0xc00004d958, FUTEX_WAIT_PRIVATE, 0, NULL <unfinished ...>
81209 <... rt_sigprocmask resumed>[], 8) = 0
81209 mmap(NULL, 8392704, PROT_NONE, MAP_PRIVATE|MAP_ANONYMOUS|MAP_STACK, -1, 0) = 0x7fe326e65000
81209 mprotect(0x7fe326e66000, 8388608, PROT_READ|PROT_WRITE) = 0
81209 rt_sigprocmask(SIG_BLOCK, ~[], ~[KILL STOP RTMIN RT_1], 8) = 0
81209 clone3({flags=CLONE_VM|CLONE_FS|CLONE_FILES|CLONE_SIGHAND|CLONE_THREAD|CLONE_SYSVSEM|CLONE_SETTLS|CLONE_PARENT_SETTID|CLONE_CHILD_CLEARTID, child_tid=0x7fe327665910, parent_tid=0x7fe327665910, exit_signal=0, stack=0x7fe326e65000, stack_size=0x7fff00, tls=0x7fe327665640} => {parent_tid=[81214]}, 88) = 81214
81213 <... set_robust_list resumed>)    = 0
81209 rt_sigprocmask(SIG_SETMASK, ~[KILL STOP RTMIN RT_1], NULL, 8) = 0
81209 rt_sigprocmask(SIG_SETMASK, [], NULL, 8) = 0
81209 prlimit64(0, RLIMIT_NOFILE, NULL,  <unfinished ...>
81213 rt_sigprocmask(SIG_SETMASK, ~[KILL STOP RTMIN RT_1],  <unfinished ...>
81209 <... prlimit64 resumed>{rlim_cur=1024*1024, rlim_max=1024*1024}) = 0
81209 fcntl(0, F_GETFL)                 = 0x8000 (flags O_RDONLY|O_LARGEFILE)
81209 fcntl(1, F_GETFL <unfinished ...>
81213 <... rt_sigprocmask resumed>NULL, 8) = 0
81209 <... fcntl resumed>)              = 0x1 (flags O_WRONLY)
81209 fcntl(2, F_GETFL)                 = 0x1 (flags O_WRONLY)
81209 epoll_create1(EPOLL_CLOEXEC <unfinished ...>
81213 mmap(NULL, 134217728, PROT_NONE, MAP_PRIVATE|MAP_ANONYMOUS|MAP_NORESERVE, -1, 0 <unfinished ...>
81209 <... epoll_create1 resumed>)      = 3
81209 eventfd2(0, EFD_CLOEXEC|EFD_NONBLOCK) = 4
81209 epoll_ctl(3, EPOLL_CTL_ADD, 4, {events=EPOLLIN, data={u32=10132776, u64=10132776}}) = 0
81209 getrandom("\x4e\x0b\x4d\x05\x25\x96\x44\x45\x9d\x61\x80\xa6\x28\x10\xae\xa8\x94\xc6\x82\xe2\x2a\xc5\xd3\x0f\x7d\xf0\x88\x18\xd0\x79\xd1\x31", 32, 0) = 32
81209 getrandom("\x7e\x67\xec\xdd\x82\xe2\x63\x08\xe3\xed\xab\xda\x5e\xc1\xc2\xc7", 16, 0) = 16
81209 socket(AF_INET, SOCK_STREAM|SOCK_CLOEXEC|SOCK_NONBLOCK, IPPROTO_IP <unfinished ...>
81213 <... mmap resumed>)               = 0x7fe310000000
81209 <... socket resumed>)             = 5
81209 connect(5, {sa_family=AF_INET, sin_port=htons(80), sin_addr=inet_addr("16.184.21.18")}, 16 <unfinished ...>
81213 munmap(0x7fe314000000, 67108864 <unfinished ...>
81210 <... nanosleep resumed>NULL)      = 0
81209 <... connect resumed>)            = -1 EINPROGRESS (Operation now in progress)
81209 epoll_ctl(3, EPOLL_CTL_ADD, 5, {events=EPOLLIN|EPOLLOUT|EPOLLRDHUP|EPOLLET, data={u32=2952790017, u64=9215254255265382401}}) = 0
81209 epoll_pwait(3, [], 128, 0, NULL, 0) = 0
81209 epoll_pwait(3,  <unfinished ...>
81210 nanosleep({tv_sec=0, tv_nsec=20000},  <unfinished ...>
81214 rseq(0x7fe327665fe0, 0x20, 0, 0x53053053) = 0
81214 set_robust_list(0x7fe327665920, 24) = 0
81214 rt_sigprocmask(SIG_SETMASK, ~[KILL STOP RTMIN RT_1], NULL, 8) = 0
81214 mmap(0x7fe314000000, 67108864, PROT_NONE, MAP_PRIVATE|MAP_ANONYMOUS|MAP_NORESERVE, -1, 0) = 0x7fe30c000000
81210 <... nanosleep resumed>NULL)      = 0
81210 nanosleep({tv_sec=0, tv_nsec=20000},  <unfinished ...>
81214 mprotect(0x7fe30c000000, 135168, PROT_READ|PROT_WRITE) = 0
81214 sigaltstack(NULL, {ss_sp=NULL, ss_flags=SS_DISABLE, ss_size=0}) = 0
81214 sigaltstack({ss_sp=0xc000102000, ss_flags=0, ss_size=32768}, NULL) = 0
81214 rt_sigprocmask(SIG_SETMASK, [], NULL, 8) = 0
81210 <... nanosleep resumed>NULL)      = 0
81210 nanosleep({tv_sec=0, tv_nsec=20000},  <unfinished ...>
81214 gettid()                          = 81214
81214 futex(0x9aa318, FUTEX_WAIT_PRIVATE, 0, NULL <unfinished ...>
81213 <... munmap resumed>)             = 0
81210 <... nanosleep resumed>NULL)      = 0
81210 nanosleep({tv_sec=0, tv_nsec=20000},  <unfinished ...>
81213 mprotect(0x7fe310000000, 135168, PROT_READ|PROT_WRITE <unfinished ...>
81210 <... nanosleep resumed>NULL)      = 0
81210 nanosleep({tv_sec=0, tv_nsec=20000},  <unfinished ...>
81213 <... mprotect resumed>)           = 0
81210 <... nanosleep resumed>NULL)      = 0
81210 nanosleep({tv_sec=0, tv_nsec=20000},  <unfinished ...>
81213 sigaltstack(NULL,  <unfinished ...>
81210 <... nanosleep resumed>NULL)      = 0
81213 <... sigaltstack resumed>{ss_sp=NULL, ss_flags=SS_DISABLE, ss_size=0}) = 0
81210 nanosleep({tv_sec=0, tv_nsec=20000},  <unfinished ...>
81213 sigaltstack({ss_sp=0xc000084000, ss_flags=0, ss_size=32768},  <unfinished ...>
81210 <... nanosleep resumed>NULL)      = 0
81210 nanosleep({tv_sec=0, tv_nsec=20000},  <unfinished ...>
81213 <... sigaltstack resumed>NULL)    = 0
81210 <... nanosleep resumed>NULL)      = 0
81213 rt_sigprocmask(SIG_SETMASK, [],  <unfinished ...>
81210 nanosleep({tv_sec=0, tv_nsec=20000},  <unfinished ...>
81213 <... rt_sigprocmask resumed>NULL, 8) = 0
81210 <... nanosleep resumed>NULL)      = 0
81210 nanosleep({tv_sec=0, tv_nsec=20000},  <unfinished ...>
81213 gettid( <unfinished ...>
81210 <... nanosleep resumed>NULL)      = 0
81213 <... gettid resumed>)             = 81213
81210 nanosleep({tv_sec=0, tv_nsec=20000},  <unfinished ...>
81213 futex(0xc000080158, FUTEX_WAIT_PRIVATE, 0, NULL <unfinished ...>
81210 <... nanosleep resumed>NULL)      = 0
81210 futex(0x98b710, FUTEX_WAIT_PRIVATE, 0, {tv_sec=29, tv_nsec=997445488} <unfinished ...>
81209 <... epoll_pwait resumed>[{events=EPOLLOUT, data={u32=2952790017, u64=9215254255265382401}}], 128, 29999, NULL, 0) = 1
81209 futex(0x98b710, FUTEX_WAKE_PRIVATE, 1) = 1
81209 getsockopt(5, SOL_SOCKET, SO_ERROR, [0], [4]) = 0
81209 getpeername(5, {sa_family=AF_INET, sin_port=htons(80), sin_addr=inet_addr("16.184.21.18")}, [112 => 16]) = 0
81209 futex(0xc000080158, FUTEX_WAKE_PRIVATE, 1) = 1
81210 <... futex resumed>)              = 0
81209 getsockname(5, {sa_family=AF_INET, sin_port=htons(34208), sin_addr=inet_addr("192.168.31.131")}, [112 => 16]) = 0
81209 setsockopt(5, SOL_TCP, TCP_NODELAY, [1], 4 <unfinished ...>
81210 nanosleep({tv_sec=0, tv_nsec=20000},  <unfinished ...>
81209 <... setsockopt resumed>)         = 0
81209 setsockopt(5, SOL_SOCKET, SO_KEEPALIVE, [1], 4) = 0
81209 setsockopt(5, SOL_TCP, TCP_KEEPIDLE, [30], 4) = 0
81209 setsockopt(5, SOL_TCP, TCP_KEEPINTVL, [15], 4) = 0
81209 setsockopt(5, SOL_TCP, TCP_KEEPCNT, [9], 4) = 0
81209 read(5,  <unfinished ...>
81213 <... futex resumed>)              = 0
81210 <... nanosleep resumed>NULL)      = 0
81209 <... read resumed>0xc000098000, 4096) = -1 EAGAIN (Resource temporarily unavailable)
81209 write(5, "POST /gate HTTP/1.1\r\nHost: 16.184.21.18\r\nUser-Agent: Go-http-client/1.1\r\nContent-Length: 64\r\nContent-Type: application/octet-stream\r\nAccept-Encoding: gzip\r\n\r\n~g\354\335\202\342c\10\343\355\253\332^\301\302\307\351u\354\377\336;\201\1\307\35\336\257\20p\225\351\261I\202\217U\233\226r{\274\262\20W\3122\225\277q\275\23\21\256_\333!\2361*\204\335!\0", 222 <unfinished ...>
81213 epoll_pwait(3,  <unfinished ...>
81210 nanosleep({tv_sec=0, tv_nsec=20000},  <unfinished ...>
81209 <... write resumed>)              = 222
81213 <... epoll_pwait resumed>[], 128, 0, NULL, 0) = 0
81209 epoll_pwait(3,  <unfinished ...>
81210 <... nanosleep resumed>NULL)      = 0
81213 write(4, "\1\0\0\0\0\0\0\0", 8 <unfinished ...>
81209 <... epoll_pwait resumed>[{events=EPOLLIN, data={u32=10132776, u64=10132776}}], 128, -1, NULL, 0) = 1
81213 <... write resumed>)              = 8
81210 futex(0x98b710, FUTEX_WAIT_PRIVATE, 0, {tv_sec=29, tv_nsec=991375352} <unfinished ...>
81209 read(4, "\1\0\0\0\0\0\0\0", 8)    = 8
81209 epoll_pwait(3, [], 128, 0, NULL, 0) = 0
81209 epoll_pwait(3,  <unfinished ...>
81213 futex(0xc000080158, FUTEX_WAIT_PRIVATE, 0, NULL <unfinished ...>
81209 <... epoll_pwait resumed>[{events=EPOLLIN|EPOLLOUT, data={u32=2952790017, u64=9215254255265382401}}], 128, 29991, NULL, 0) = 1
81209 futex(0x98b710, FUTEX_WAKE_PRIVATE, 1) = 1
81209 read(5, "HTTP/1.1 200 OK\r\nServer: nginx/1.29.1\r\nDate: Sun, 28 Sep 2025 00:40:06 GMT\r\nContent-Type: application/octet-stream\r\nContent-Length: 112\r\nConnection: keep-alive\r\nX-Frame-Options: DENY\r\nX-Content-Type-Options: nosniff\r\nX-XSS-Protection: 1; mode=block\r\n\r\nQm\303\206\236R3\255*\221)\357\317\306\16\366\300\324\371\24\372;C\300\303\2402X\314\232=\364R\363T\327\373\223\10\243\312\330\22I>\24\326`)\302\177\236\235\223}\356I{\206\327\337,#\202)\0\252\30[\227\237\6vb\321\310R%\330\205\355,\213\22\17\2230\4:y\222\2323\275$\r\23v\313\0v\21\34\270\317\346\215hncS4", 4096) = 364
81209 futex(0xc000080158, FUTEX_WAKE_PRIVATE, 1 <unfinished ...>
81210 <... futex resumed>)              = 0
81209 <... futex resumed>)              = 1
81209 read(5, 0xc000098000, 4096)       = -1 EAGAIN (Resource temporarily unavailable)
81209 getrandom("\x64\xe4\x6c\xa5\x11\xa4\x64\x8e\x3e\x32\xaf\xdd\x13\x89\x0f\xb0", 16, 0) = 16
81209 getrandom("\x58\xd2\x03\x70\x12\x37\xca\xff\x2a\x3c\x54\x22\xf1\x32\xaf\xfb", 16, 0) = 16
81209 write(5, "POST /gate HTTP/1.1\r\nHost: 16.184.21.18\r\nUser-Agent: Go-http-client/1.1\r\nContent-Length: 112\r\nContent-Type: application/octet-stream\r\nAccept-Encoding: gzip\r\n\r\nX\322\3p\0227\312\377*<T\"\3612\257\373W6\307L;\20\374\35t\273e\337\276\304%\334\r\344\r1\224\204s\260\321\257\336\374\356\265\206\200@\354\324\224\216>8O.\351\215\1d0U\200\203q\357\10\342W\252\324\4\307Xul<\201RD\2271\21\263z\211\231\201.\\\312\311\354@\333\262\316VL(\276E&\255\26O\256D\4\202\31", 271 <unfinished ...>
81213 <... futex resumed>)              = 0
81210 nanosleep({tv_sec=0, tv_nsec=20000},  <unfinished ...>
81209 <... write resumed>)              = 271
81209 epoll_pwait(3, [], 128, 0, NULL, 0) = 0
81209 epoll_pwait(3,  <unfinished ...>
81213 futex(0xc000080158, FUTEX_WAIT_PRIVATE, 0, NULL <unfinished ...>
81210 <... nanosleep resumed>NULL)      = 0
81210 futex(0x98b710, FUTEX_WAIT_PRIVATE, 0, {tv_sec=29, tv_nsec=999531367} <unfinished ...>
81209 <... epoll_pwait resumed>[{events=EPOLLIN|EPOLLOUT, data={u32=2952790017, u64=9215254255265382401}}], 128, 29999, NULL, 0) = 1
81209 futex(0x98b710, FUTEX_WAKE_PRIVATE, 1) = 1
81209 read(5, "HTTP/1.1 200 OK\r\nServer: nginx/1.29.1\r\nDate: Sun, 28 Sep 2025 00:40:06 GMT\r\nContent-Type: application/octet-stream\r\nContent-Length: 112\r\nConnection: keep-alive\r\nX-Frame-Options: DENY\r\nX-Content-Type-Options: nosniff\r\nX-XSS-Protection: 1; mode=block\r\n\r\n\4\20\373\375\31\337\25\t7\r8;%=\330\256\6\255h\324\371\374\337v\10\207:\212\273\22\335f\353\356\345n\315\256Y\345\310+\337\324\225\224\231}\310\316Q\333\364\353\236\321\32\206\26ugn[\373\27\215\234\210\377Q\244\246\373\230\205\366\325\306^:,\305\335\257g\262\315\177\212N9\304]\36\36\247\37pc\275Y\v\266\35\2336\247\t\336\236\210\335", 4096) = 364
81209 futex(0xc000080158, FUTEX_WAKE_PRIVATE, 1 <unfinished ...>
81210 <... futex resumed>)              = 0
81209 <... futex resumed>)              = 1
81209 read(5,  <unfinished ...>
81213 <... futex resumed>)              = 0
81210 nanosleep({tv_sec=0, tv_nsec=20000},  <unfinished ...>
81209 <... read resumed>0xc000098000, 4096) = -1 EAGAIN (Resource temporarily unavailable)
81209 epoll_pwait(3, [], 128, 0, NULL, 0) = 0
81209 epoll_pwait(3,  <unfinished ...>
81213 futex(0xc000080158, FUTEX_WAIT_PRIVATE, 0, NULL <unfinished ...>
81210 <... nanosleep resumed>NULL)      = 0
81210 futex(0x98b710, FUTEX_WAIT_PRIVATE, 0, {tv_sec=59, tv_nsec=999603147}