91081 execve("./malware", ["./malware"], 0x7ffdddf69508 /* 40 vars */) = 0
91081 brk(NULL)                         = 0x21fde000
91081 arch_prctl(0x3001 /* ARCH_??? */, 0x7ffda68485c0) = -1 EINVAL (Invalid argument)
91081 mmap(NULL, 8192, PROT_READ|PROT_WRITE, MAP_PRIVATE|MAP_ANONYMOUS, -1, 0) = 0x7f13a1aaf000
91081 access("/etc/ld.so.preload", R_OK) = -1 ENOENT (No such file or directory)
91081 openat(AT_FDCWD, "/etc/ld.so.cache", O_RDONLY|O_CLOEXEC) = 3
91081 newfstatat(3, "", {st_mode=S_IFREG|0644, st_size=22316, ...}, AT_EMPTY_PATH) = 0
91081 mmap(NULL, 22316, PROT_READ, MAP_PRIVATE, 3, 0) = 0x7f13a1aa9000
91081 close(3)                          = 0
91081 openat(AT_FDCWD, "/lib/x86_64-linux-gnu/libc.so.6", O_RDONLY|O_CLOEXEC) = 3
91081 read(3, "\177ELF\2\1\1\3\0\0\0\0\0\0\0\0\3\0>\0\1\0\0\0P\237\2\0\0\0\0\0@\0\0\0\0\0\0\0\360\320!\0\0\0\0\0\0\0\0\0@\08\0\16\0@\0B\0A\0\6\0\0\0\4\0\0\0@\0\0\0\0\0\0\0@\0\0\0\0\0\0\0@\0\0\0\0\0\0\0\20\3\0\0\0\0\0\0\20\3\0\0\0\0\0\0\10\0\0\0\0\0\0\0\3\0\0\0\4\0\0\0000>\36\0\0\0\0\0000>\36\0\0\0\0\0000>\36\0\0\0\0\0\34\0\0\0\0\0\0\0\34\0\0\0\0\0\0\0\20\0\0\0\0\0\0\0\1\0\0\0\4\0\0\0\0\0\0\0\0\0\0\0\0\0\0\0\0\0\0\0\0\0\0\0\0\0\0\0\340\177\2\0\0\0\0\0\340\177\2\0\0\0\0\0\0\20\0\0\0\0\0\0\1\0\0\0\5\0\0\0\0\200\2\0\0\0\0\0\0\200\2\0\0\0\0\0\0\200\2\0\0\0\0\0\301C\31\0\0\0\0\0\301C\31\0\0\0\0\0\0\20\0\0\0\0\0\0\1\0\0\0\4\0\0\0\0\320\33\0\0\0\0\0\0\320\33\0\0\0\0\0\0\320\33\0\0\0\0\0$y\5\0\0\0\0\0$y\5\0\0\0\0\0\0\20\0\0\0\0\0\0\1\0\0\0\6\0\0\0\360X!\0\0\0\0\0\360h!\0\0\0\0\0\360h!\0\0\0\0\0\230O\0\0\0\0\0\0`%\1\0\0\0\0\0\0\20\0\0\0\0\0\0\2\0\0\0\6\0\0\0\300\213!\0\0\0\0\0\300\233!\0\0\0\0\0\300\233!\0\0\0\0\0\320\1\0\0\0\0\0\0\320\1\0\0\0\0\0\0\10\0\0\0\0\0\0\0\4\0\0\0\4\0\0\0P\3\0\0\0\0\0\0P\3\0\0\0\0\0\0P\3\0\0\0\0\0\0000\0\0\0\0\0\0\0000\0\0\0\0\0\0\0\10\0\0\0\0\0\0\0\4\0\0\0\4\0\0\0\200\3\0\0\0\0\0\0\200\3\0\0\0\0\0\0\200\3\0\0\0\0\0\0D\0\0\0\0\0\0\0D\0\0\0\0\0\0\0\4\0\0\0\0\0\0\0\7\0\0\0\4\0\0\0\360X!\0\0\0\0\0\360h!\0\0\0\0\0\360h!\0\0\0\0\0\20\0\0\0\0\0\0\0\220\0\0\0\0\0\0\0\10\0\0\0\0\0\0\0S\345td\4\0\0\0P\3\0\0\0\0\0\0P\3\0\0\0\0\0\0P\3\0\0\0\0\0\0000\0\0\0\0\0\0\0000\0\0\0\0\0\0\0\10\0\0\0\0\0\0\0P\345td\4\0\0\0L>\36\0\0\0\0\0L>\36\0\0\0\0\0L>\36\0\0\0\0\0\324p\0\0\0\0\0\0\324p\0\0\0\0\0\0\4\0\0\0\0\0\0\0Q\345td\6\0\0\0\0\0\0\0\0\0\0\0\0\0\0\0\0\0\0\0\0\0\0\0\0\0\0\0\0\0\0\0\0\0\0\0\0\0\0\0\0\0\0\0\20\0\0\0\0\0\0\0R\345td\4\0\0\0\360X!\0\0\0\0\0\360h!\0\0\0\0\0\360h!\0\0\0\0\0\0207\0\0\0\0\0\0", 832) = 832
91081 pread64(3, "\6\0\0\0\4\0\0\0@\0\0\0\0\0\0\0@\0\0\0\0\0\0\0@\0\0\0\0\0\0\0\20\3\0\0\0\0\0\0\20\3\0\0\0\0\0\0\10\0\0\0\0\0\0\0\3\0\0\0\4\0\0\0000>\36\0\0\0\0\0000>\36\0\0\0\0\0000>\36\0\0\0\0\0\34\0\0\0\0\0\0\0\34\0\0\0\0\0\0\0\20\0\0\0\0\0\0\0\1\0\0\0\4\0\0\0\0\0\0\0\0\0\0\0\0\0\0\0\0\0\0\0\0\0\0\0\0\0\0\0\340\177\2\0\0\0\0\0\340\177\2\0\0\0\0\0\0\20\0\0\0\0\0\0\1\0\0\0\5\0\0\0\0\200\2\0\0\0\0\0\0\200\2\0\0\0\0\0\0\200\2\0\0\0\0\0\301C\31\0\0\0\0\0\301C\31\0\0\0\0\0\0\20\0\0\0\0\0\0\1\0\0\0\4\0\0\0\0\320\33\0\0\0\0\0\0\320\33\0\0\0\0\0\0\320\33\0\0\0\0\0$y\5\0\0\0\0\0$y\5\0\0\0\0\0\0\20\0\0\0\0\0\0\1\0\0\0\6\0\0\0\360X!\0\0\0\0\0\360h!\0\0\0\0\0\360h!\0\0\0\0\0\230O\0\0\0\0\0\0`%\1\0\0\0\0\0\0\20\0\0\0\0\0\0\2\0\0\0\6\0\0\0\300\213!\0\0\0\0\0\300\233!\0\0\0\0\0\300\233!\0\0\0\0\0\320\1\0\0\0\0\0\0\320\1\0\0\0\0\0\0\10\0\0\0\0\0\0\0\4\0\0\0\4\0\0\0P\3\0\0\0\0\0\0P\3\0\0\0\0\0\0P\3\0\0\0\0\0\0000\0\0\0\0\0\0\0000\0\0\0\0\0\0\0\10\0\0\0\0\0\0\0\4\0\0\0\4\0\0\0\200\3\0\0\0\0\0\0\200\3\0\0\0\0\0\0\200\3\0\0\0\0\0\0D\0\0\0\0\0\0\0D\0\0\0\0\0\0\0\4\0\0\0\0\0\0\0\7\0\0\0\4\0\0\0\360X!\0\0\0\0\0\360h!\0\0\0\0\0\360h!\0\0\0\0\0\20\0\0\0\0\0\0\0\220\0\0\0\0\0\0\0\10\0\0\0\0\0\0\0S\345td\4\0\0\0P\3\0\0\0\0\0\0P\3\0\0\0\0\0\0P\3\0\0\0\0\0\0000\0\0\0\0\0\0\0000\0\0\0\0\0\0\0\10\0\0\0\0\0\0\0P\345td\4\0\0\0L>\36\0\0\0\0\0L>\36\0\0\0\0\0L>\36\0\0\0\0\0\324p\0\0\0\0\0\0\324p\0\0\0\0\0\0\4\0\0\0\0\0\0\0Q\345td\6\0\0\0\0\0\0\0\0\0\0\0\0\0\0\0\0\0\0\0\0\0\0\0\0\0\0\0\0\0\0\0\0\0\0\0\0\0\0\0\0\0\0\0\20\0\0\0\0\0\0\0R\345td\4\0\0\0\360X!\0\0\0\0\0\360h!\0\0\0\0\0\360h!\0\0\0\0\0\0207\0\0\0\0\0\0\0207\0\0\0\0\0\0\1\0\0\0\0\0\0\0", 784, 64) = 784
91081 pread64(3, "\4\0\0\0 \0\0\0\5\0\0\0GNU\0\2\0\0\300\4\0\0\0\3\0\0\0\0\0\0\0\2\200\0\300\4\0\0\0\1\0\0\0\0\0\0\0", 48, 848) = 48
91081 pread64(3, "\4\0\0\0\24\0\0\0\3\0\0\0GNU\0O{\f\225\\=\201\327\312\301P\32$\230\266\235\35\202\277\347\4\0\0\0\20\0\0\0\1\0\0\0GNU\0\0\0\0\0\3\0\0\0\2\0\0\0\0\0\0\0", 68, 896) = 68
91081 newfstatat(3, "", {st_mode=S_IFREG|0755, st_size=2220400, ...}, AT_EMPTY_PATH) = 0
91081 pread64(3, "\6\0\0\0\4\0\0\0@\0\0\0\0\0\0\0@\0\0\0\0\0\0\0@\0\0\0\0\0\0\0\20\3\0\0\0\0\0\0\20\3\0\0\0\0\0\0\10\0\0\0\0\0\0\0\3\0\0\0\4\0\0\0000>\36\0\0\0\0\0000>\36\0\0\0\0\0000>\36\0\0\0\0\0\34\0\0\0\0\0\0\0\34\0\0\0\0\0\0\0\20\0\0\0\0\0\0\0\1\0\0\0\4\0\0\0\0\0\0\0\0\0\0\0\0\0\0\0\0\0\0\0\0\0\0\0\0\0\0\0\340\177\2\0\0\0\0\0\340\177\2\0\0\0\0\0\0\20\0\0\0\0\0\0\1\0\0\0\5\0\0\0\0\200\2\0\0\0\0\0\0\200\2\0\0\0\0\0\0\200\2\0\0\0\0\0\301C\31\0\0\0\0\0\301C\31\0\0\0\0\0\0\20\0\0\0\0\0\0\1\0\0\0\4\0\0\0\0\320\33\0\0\0\0\0\0\320\33\0\0\0\0\0\0\320\33\0\0\0\0\0$y\5\0\0\0\0\0$y\5\0\0\0\0\0\0\20\0\0\0\0\0\0\1\0\0\0\6\0\0\0\360X!\0\0\0\0\0\360h!\0\0\0\0\0\360h!\0\0\0\0\0\230O\0\0\0\0\0\0`%\1\0\0\0\0\0\0\20\0\0\0\0\0\0\2\0\0\0\6\0\0\0\300\213!\0\0\0\0\0\300\233!\0\0\0\0\0\300\233!\0\0\0\0\0\320\1\0\0\0\0\0\0\320\1\0\0\0\0\0\0\10\0\0\0\0\0\0\0\4\0\0\0\4\0\0\0P\3\0\0\0\0\0\0P\3\0\0\0\0\0\0P\3\0\0\0\0\0\0000\0\0\0\0\0\0\0000\0\0\0\0\0\0\0\10\0\0\0\0\0\0\0\4\0\0\0\4\0\0\0\200\3\0\0\0\0\0\0\200\3\0\0\0\0\0\0\200\3\0\0\0\0\0\0D\0\0\0\0\0\0\0D\0\0\0\0\0\0\0\4\0\0\0\0\0\0\0\7\0\0\0\4\0\0\0\360X!\0\0\0\0\0\360h!\0\0\0\0\0\360h!\0\0\0\0\0\20\0\0\0\0\0\0\0\220\0\0\0\0\0\0\0\10\0\0\0\0\0\0\0S\345td\4\0\0\0P\3\0\0\0\0\0\0P\3\0\0\0\0\0\0P\3\0\0\0\0\0\0000\0\0\0\0\0\0\0000\0\0\0\0\0\0\0\10\0\0\0\0\0\0\0P\345td\4\0\0\0L>\36\0\0\0\0\0L>\36\0\0\0\0\0L>\36\0\0\0\0\0\324p\0\0\0\0\0\0\324p\0\0\0\0\0\0\4\0\0\0\0\0\0\0Q\345td\6\0\0\0\0\0\0\0\0\0\0\0\0\0\0\0\0\0\0\0\0\0\0\0\0\0\0\0\0\0\0\0\0\0\0\0\0\0\0\0\0\0\0\0\20\0\0\0\0\0\0\0R\345td\4\0\0\0\360X!\0\0\0\0\0\360h!\0\0\0\0\0\360h!\0\0\0\0\0\0207\0\0\0\0\0\0\0207\0\0\0\0\0\0\1\0\0\0\0\0\0\0", 784, 64) = 784
91081 mmap(NULL, 2264656, PROT_READ, MAP_PRIVATE|MAP_DENYWRITE, 3, 0) = 0x7f13a1880000
91081 mprotect(0x7f13a18a8000, 2023424, PROT_NONE) = 0
91081 mmap(0x7f13a18a8000, 1658880, PROT_READ|PROT_EXEC, MAP_PRIVATE|MAP_FIXED|MAP_DENYWRITE, 3, 0x28000) = 0x7f13a18a8000
91081 mmap(0x7f13a1a3d000, 360448, PROT_READ, MAP_PRIVATE|MAP_FIXED|MAP_DENYWRITE, 3, 0x1bd000) = 0x7f13a1a3d000
91081 mmap(0x7f13a1a96000, 24576, PROT_READ|PROT_WRITE, MAP_PRIVATE|MAP_FIXED|MAP_DENYWRITE, 3, 0x215000) = 0x7f13a1a96000
91081 mmap(0x7f13a1a9c000, 52816, PROT_READ|PROT_WRITE, MAP_PRIVATE|MAP_FIXED|MAP_ANONYMOUS, -1, 0) = 0x7f13a1a9c000
91081 close(3)                          = 0
91081 mmap(NULL, 12288, PROT_READ|PROT_WRITE, MAP_PRIVATE|MAP_ANONYMOUS, -1, 0) = 0x7f13a187d000
91081 arch_prctl(ARCH_SET_FS, 0x7f13a187d740) = 0
91081 set_tid_address(0x7f13a187da10)   = 91081
91081 set_robust_list(0x7f13a187da20, 24) = 0
91081 rseq(0x7f13a187e0e0, 0x20, 0, 0x53053053) = 0
91081 mprotect(0x7f13a1a96000, 16384, PROT_READ) = 0
91081 mprotect(0x7f13a1ae9000, 8192, PROT_READ) = 0
91081 prlimit64(0, RLIMIT_STACK, NULL, {rlim_cur=8192*1024, rlim_max=RLIM64_INFINITY}) = 0
91081 munmap(0x7f13a1aa9000, 22316)     = 0
91081 getrandom("\x87\x85\xa0\x13\x67\xf1\x9e\x9d", 8, GRND_NONBLOCK) = 8
91081 brk(NULL)                         = 0x21fde000
91081 brk(0x21fff000)                   = 0x21fff000
91081 openat(AT_FDCWD, "/proc/self/maps", O_RDONLY|O_CLOEXEC) = 3
91081 prlimit64(0, RLIMIT_STACK, NULL, {rlim_cur=8192*1024, rlim_max=RLIM64_INFINITY}) = 0
91081 newfstatat(3, "", {st_mode=S_IFREG|0444, st_size=0, ...}, AT_EMPTY_PATH) = 0
91081 read(3, "00400000-0068b000 r-xp 00000000 fd:00 1179682                            /home/andsopwn/ctf/a/malware\n0068b000-0093f000 r--p 0028b000 fd:00 1179682                            /home/andsopwn/ctf/a/malware\n0093f000-00988000 rw-p 0053f000 fd:00 1179682                            /home/andsopwn/ctf/a/malware\n00988000-009c9000 rw-p 00000000 00:00 0 \n21fde000-21fff000 rw-p 00000000 00:00 0                                  [heap]\n7f13a187d000-7f13a1880000 rw-p 00000000 00:00 0 \n7f13a1880000-7f13a18a8000 r--p 00000000 fd:00 1462234                    /usr/lib/x86_64-linux-gnu/libc.so.6\n7f13a18a8000-7f13a1a3d000 r-xp 00028000 fd:00 1462234                    /usr/lib/x86_64-linux-gnu/libc.so.6\n7f13a1a3d000-7f13a1a95000 r--p 001bd000 fd:00 1462234                    /usr/lib/x86_64-linux-gnu/libc.so.6\n7f13a1a95000-7f13a1a96000 ---p 00215000 fd:00 1462234                    /usr/lib/x86_64-linux-gnu/libc.so.6\n7f13a1a96000-7f13a1a9a000 r--p 00215000 fd:00 1462234                    /usr/lib/x86_64-linux-gnu/libc.so.6\n7f1", 1024) = 1024
91081 read(3, "3a1a9a000-7f13a1a9c000 rw-p 00219000 fd:00 1462234                    /usr/lib/x86_64-linux-gnu/libc.so.6\n7f13a1a9c000-7f13a1aa9000 rw-p 00000000 00:00 0 \n7f13a1aaf000-7f13a1ab1000 rw-p 00000000 00:00 0 \n7f13a1ab1000-7f13a1ab3000 r--p 00000000 fd:00 1451887                    /usr/lib/x86_64-linux-gnu/ld-linux-x86-64.so.2\n7f13a1ab3000-7f13a1add000 r-xp 00002000 fd:00 1451887                    /usr/lib/x86_64-linux-gnu/ld-linux-x86-64.so.2\n7f13a1add000-7f13a1ae8000 r--p 0002c000 fd:00 1451887                    /usr/lib/x86_64-linux-gnu/ld-linux-x86-64.so.2\n7f13a1ae9000-7f13a1aeb000 r--p 00037000 fd:00 1451887                    /usr/lib/x86_64-linux-gnu/ld-linux-x86-64.so.2\n7f13a1aeb000-7f13a1aed000 rw-p 00039000 fd:00 1451887                    /usr/lib/x86_64-linux-gnu/ld-linux-x86-64.so.2\n7ffda6829000-7ffda684a000 rw-p 00000000 00:00 0                          [stack]\n7ffda68fc000-7ffda6900000 r--p 00000000 00:00 0                          [vvar]\n7ffda6900000-7ffda6902000 r-xp 00000000 00:00 0            ", 1024) = 1024
91081 close(3)                          = 0
91081 sched_getaffinity(91081, 32, [0, 1]) = 16
91081 sched_getaffinity(0, 8192, [0, 1]) = 16
91081 openat(AT_FDCWD, "/sys/kernel/mm/transparent_hugepage/hpage_pmd_size", O_RDONLY) = 3
91081 read(3, "2097152\n", 20)          = 8
91081 close(3)                          = 0
91081 mmap(NULL, 262144, PROT_READ|PROT_WRITE, MAP_PRIVATE|MAP_ANONYMOUS, -1, 0) = 0x7f13a183d000
91081 mmap(NULL, 131072, PROT_NONE, MAP_PRIVATE|MAP_ANONYMOUS, -1, 0) = 0x7f13a181d000
91081 mmap(NULL, 1048576, PROT_NONE, MAP_PRIVATE|MAP_ANONYMOUS, -1, 0) = 0x7f13a171d000
91081 mmap(NULL, 8388608, PROT_NONE, MAP_PRIVATE|MAP_ANONYMOUS, -1, 0) = 0x7f13a0f1d000
91081 mmap(NULL, 67108864, PROT_NONE, MAP_PRIVATE|MAP_ANONYMOUS, -1, 0) = 0x7f139cf1d000
91081 mmap(NULL, 536870912, PROT_NONE, MAP_PRIVATE|MAP_ANONYMOUS, -1, 0) = 0x7f137cf1d000
91081 mmap(NULL, 536870912, PROT_NONE, MAP_PRIVATE|MAP_ANONYMOUS, -1, 0) = 0x7f135cf1d000
91081 mmap(0xc000000000, 67108864, PROT_NONE, MAP_PRIVATE|MAP_ANONYMOUS, -1, 0) = 0xc000000000
91081 mmap(NULL, 33554432, PROT_READ|PROT_WRITE, MAP_PRIVATE|MAP_ANONYMOUS, -1, 0) = 0x7f135af1d000
91081 madvise(0x7f135af1d000, 33554432, MADV_NOHUGEPAGE) = 0
91081 mmap(NULL, 69648, PROT_READ|PROT_WRITE, MAP_PRIVATE|MAP_ANONYMOUS, -1, 0) = 0x7f135af0b000
91081 mmap(0xc000000000, 4194304, PROT_READ|PROT_WRITE, MAP_PRIVATE|MAP_FIXED|MAP_ANONYMOUS, -1, 0) = 0xc000000000
91081 mmap(0x7f13a181d000, 131072, PROT_READ|PROT_WRITE, MAP_PRIVATE|MAP_FIXED|MAP_ANONYMOUS, -1, 0) = 0x7f13a181d000
91081 mmap(0x7f13a179d000, 4096, PROT_READ|PROT_WRITE, MAP_PRIVATE|MAP_FIXED|MAP_ANONYMOUS, -1, 0) = 0x7f13a179d000
91081 mmap(0x7f13a1323000, 4096, PROT_READ|PROT_WRITE, MAP_PRIVATE|MAP_FIXED|MAP_ANONYMOUS, -1, 0) = 0x7f13a1323000
91081 mmap(0x7f139ef4d000, 4096, PROT_READ|PROT_WRITE, MAP_PRIVATE|MAP_FIXED|MAP_ANONYMOUS, -1, 0) = 0x7f139ef4d000
91081 mmap(0x7f138d09d000, 4096, PROT_READ|PROT_WRITE, MAP_PRIVATE|MAP_FIXED|MAP_ANONYMOUS, -1, 0) = 0x7f138d09d000
91081 mmap(0x7f136d09d000, 4096, PROT_READ|PROT_WRITE, MAP_PRIVATE|MAP_FIXED|MAP_ANONYMOUS, -1, 0) = 0x7f136d09d000
91081 mmap(NULL, 1048576, PROT_READ|PROT_WRITE, MAP_PRIVATE|MAP_ANONYMOUS, -1, 0) = 0x7f135ae0b000
91081 madvise(0x7f135ae0b000, 1048576, MADV_NOHUGEPAGE) = 0
91081 mmap(NULL, 65536, PROT_READ|PROT_WRITE, MAP_PRIVATE|MAP_ANONYMOUS, -1, 0) = 0x7f135adfb000
91081 mmap(NULL, 65536, PROT_READ|PROT_WRITE, MAP_PRIVATE|MAP_ANONYMOUS, -1, 0) = 0x7f135adeb000
91081 rt_sigprocmask(SIG_SETMASK, NULL, [], 8) = 0
91081 fcntl(0, F_GETFD)                 = 0
91081 fcntl(1, F_GETFD)                 = 0
91081 fcntl(2, F_GETFD)                 = 0
91081 openat(AT_FDCWD, "/proc/self/mountinfo", O_RDONLY|O_CLOEXEC) = 3
91081 read(3, "24 30 0:22 / /sys rw,nosuid,nodev,noexec,relatime shared:7 - sysfs sysfs rw\n25 30 0:23 / /proc rw,nosuid,nodev,noexec,relatime shared:12 - proc proc rw\n26 30 0:5 / /dev rw,nosuid,relatime shared:2 - devtmpfs udev rw,size=1926352k,nr_inodes=481588,mode=755,inode64\n27 26 0:24 / /dev/pts rw,nosuid,noexec,relatime shared:3 - devpts devpts rw,gid=5,mode=620,ptmxmode=000\n28 30 0:25 / /run rw,nosuid,nodev,noexec,relatime shared:5 - tmpfs tmpfs rw,size=396876k,mode=755,inode64\n30 1 253:0 / / rw,relatime shared:1 - ext4 /dev/mapper/ubuntu--vg-ubuntu--lv rw\n31 24 0:6 / /sys/kernel/security rw,nosuid,nodev,noexec,relatime shared:8 - securityfs securityfs rw\n32 26 0:27 / /dev/shm rw,nosuid,nodev shared:4 - tmpfs tmpfs rw,inode64\n33 28 0:28 / /run/lock rw,nosuid,nodev,noexec,relatime shared:6 - tmpfs tmpfs rw,size=5120k,inode64\n34 24 0:29 / /sys/fs/cgroup rw,nosuid,nodev,noexec,relatime shared:9 - cgroup2 cgroup2 rw,nsdelegate,memory_recursiveprot\n35 24 0:30 / /sys/fs/pstore rw,nosuid,nodev,noexec,relatime shared:10 - pstore pstore rw\n36 24 0:31 / /sys/fs/bpf rw,nosuid,nodev,noexec,relatime shared:11 - bpf bpf rw,mode=700\n37 25 0:32 / /proc/sys/fs/binfmt_misc rw,relatime shared:13 - autofs systemd-1 rw,fd=29,pgrp=1,timeout=0,minproto=5,maxproto=5,direct,pipe_ino=29396\n38 26 0:33 / /dev/hugepages rw,relatime shared:14 - hugetlbfs hugetlbfs rw,pagesize=2M\n39 26 0:20 / /dev/mqueue rw,nosuid,nodev,noexec,relatime shared:15 - mqueue mqueue rw\n40 24 0:7 / /sys/kernel/debug rw,nosuid,nodev,noexec,relatime shared:16 - debugfs debugfs rw\n41 24 0:12 / /sys/kernel/tracing rw,nosuid,nodev,noexec,relatime shared:17 - tracefs tracefs rw\n42 24 0:21 / /sys/kernel/config rw,nosuid,nodev,noexec,relatime shared:18 - configfs configfs rw\n43 24 0:34 / /sys/fs/fuse/connections rw,nosuid,nodev,noexec,relatime shared:19 - fusectl fusectl rw\n65 28 0:35 / /run/credentials/systemd-sysusers.service ro,nosuid,nodev,noexec,relatime shared:20 - ramfs none rw,mode=700\n89 30 7:0 / /snap/bare/5 ro,nodev,relatime shared:30 - squashfs /dev/loop0 ro,errors=conti"..., 65536) = 3465
91081 read(3, "", 65536)                = 0
91081 close(3)                          = 0
91081 openat(AT_FDCWD, "/proc/self/cgroup", O_RDONLY|O_CLOEXEC) = 3
91081 read(3, "0::/user.slice/user-1000.slice/session-3.scope\n", 65536) = 47
91081 read(3, "", 65536)                = 0
91081 close(3)                          = 0
91081 openat(AT_FDCWD, "/sys/fs/cgroup/user.slice/user-1000.slice/session-3.scope/cpu.max", O_RDONLY|O_CLOEXEC) = -1 ENOENT (No such file or directory)
91081 sigaltstack(NULL, {ss_sp=NULL, ss_flags=SS_DISABLE, ss_size=0}) = 0
91081 sigaltstack({ss_sp=0xc000006000, ss_flags=0, ss_size=32768}, NULL) = 0
91081 rt_sigprocmask(SIG_SETMASK, [], NULL, 8) = 0
91081 gettid()                          = 91081
91081 rt_sigaction(SIGHUP, NULL, {sa_handler=SIG_DFL, sa_mask=[], sa_flags=0}, 8) = 0
91081 rt_sigaction(SIGHUP, {sa_handler=0x480ae0, sa_mask=~[RTMIN RT_1], sa_flags=SA_RESTORER|SA_ONSTACK|SA_RESTART|SA_SIGINFO, sa_restorer=0x7f13a18c2520}, NULL, 8) = 0
91081 rt_sigaction(SIGINT, NULL, {sa_handler=SIG_DFL, sa_mask=[], sa_flags=0}, 8) = 0
91081 rt_sigaction(SIGINT, {sa_handler=0x480ae0, sa_mask=~[RTMIN RT_1], sa_flags=SA_RESTORER|SA_ONSTACK|SA_RESTART|SA_SIGINFO, sa_restorer=0x7f13a18c2520}, NULL, 8) = 0
91081 rt_sigaction(SIGQUIT, NULL, {sa_handler=SIG_DFL, sa_mask=[], sa_flags=0}, 8) = 0
91081 rt_sigaction(SIGQUIT, {sa_handler=0x480ae0, sa_mask=~[RTMIN RT_1], sa_flags=SA_RESTORER|SA_ONSTACK|SA_RESTART|SA_SIGINFO, sa_restorer=0x7f13a18c2520}, NULL, 8) = 0
91081 rt_sigaction(SIGILL, NULL, {sa_handler=SIG_DFL, sa_mask=[], sa_flags=0}, 8) = 0
91081 rt_sigaction(SIGILL, {sa_handler=0x480ae0, sa_mask=~[RTMIN RT_1], sa_flags=SA_RESTORER|SA_ONSTACK|SA_RESTART|SA_SIGINFO, sa_restorer=0x7f13a18c2520}, NULL, 8) = 0
91081 rt_sigaction(SIGTRAP, NULL, {sa_handler=SIG_DFL, sa_mask=[], sa_flags=0}, 8) = 0
91081 rt_sigaction(SIGTRAP, {sa_handler=0x480ae0, sa_mask=~[RTMIN RT_1], sa_flags=SA_RESTORER|SA_ONSTACK|SA_RESTART|SA_SIGINFO, sa_restorer=0x7f13a18c2520}, NULL, 8) = 0
91081 rt_sigaction(SIGABRT, NULL, {sa_handler=SIG_DFL, sa_mask=[], sa_flags=0}, 8) = 0
91081 rt_sigaction(SIGABRT, {sa_handler=0x480ae0, sa_mask=~[RTMIN RT_1], sa_flags=SA_RESTORER|SA_ONSTACK|SA_RESTART|SA_SIGINFO, sa_restorer=0x7f13a18c2520}, NULL, 8) = 0
91081 rt_sigaction(SIGBUS, NULL, {sa_handler=SIG_DFL, sa_mask=[], sa_flags=0}, 8) = 0
91081 rt_sigaction(SIGBUS, {sa_handler=0x480ae0, sa_mask=~[RTMIN RT_1], sa_flags=SA_RESTORER|SA_ONSTACK|SA_RESTART|SA_SIGINFO, sa_restorer=0x7f13a18c2520}, NULL, 8) = 0
91081 rt_sigaction(SIGFPE, NULL, {sa_handler=SIG_DFL, sa_mask=[], sa_flags=0}, 8) = 0
91081 rt_sigaction(SIGFPE, {sa_handler=0x480ae0, sa_mask=~[RTMIN RT_1], sa_flags=SA_RESTORER|SA_ONSTACK|SA_RESTART|SA_SIGINFO, sa_restorer=0x7f13a18c2520}, NULL, 8) = 0
91081 rt_sigaction(SIGUSR1, NULL, {sa_handler=SIG_DFL, sa_mask=[], sa_flags=0}, 8) = 0
91081 rt_sigaction(SIGUSR1, {sa_handler=0x480ae0, sa_mask=~[RTMIN RT_1], sa_flags=SA_RESTORER|SA_ONSTACK|SA_RESTART|SA_SIGINFO, sa_restorer=0x7f13a18c2520}, NULL, 8) = 0
91081 rt_sigaction(SIGSEGV, NULL, {sa_handler=SIG_DFL, sa_mask=[], sa_flags=0}, 8) = 0
91081 rt_sigaction(SIGSEGV, {sa_handler=0x480ae0, sa_mask=~[RTMIN RT_1], sa_flags=SA_RESTORER|SA_ONSTACK|SA_RESTART|SA_SIGINFO, sa_restorer=0x7f13a18c2520}, NULL, 8) = 0
91081 rt_sigaction(SIGUSR2, NULL, {sa_handler=SIG_DFL, sa_mask=[], sa_flags=0}, 8) = 0
91081 rt_sigaction(SIGUSR2, {sa_handler=0x480ae0, sa_mask=~[RTMIN RT_1], sa_flags=SA_RESTORER|SA_ONSTACK|SA_RESTART|SA_SIGINFO, sa_restorer=0x7f13a18c2520}, NULL, 8) = 0
91081 rt_sigaction(SIGPIPE, NULL, {sa_handler=SIG_DFL, sa_mask=[], sa_flags=0}, 8) = 0
91081 rt_sigaction(SIGPIPE, {sa_handler=0x480ae0, sa_mask=~[RTMIN RT_1], sa_flags=SA_RESTORER|SA_ONSTACK|SA_RESTART|SA_SIGINFO, sa_restorer=0x7f13a18c2520}, NULL, 8) = 0
91081 rt_sigaction(SIGALRM, NULL, {sa_handler=SIG_DFL, sa_mask=[], sa_flags=0}, 8) = 0
91081 rt_sigaction(SIGALRM, {sa_handler=0x480ae0, sa_mask=~[RTMIN RT_1], sa_flags=SA_RESTORER|SA_ONSTACK|SA_RESTART|SA_SIGINFO, sa_restorer=0x7f13a18c2520}, NULL, 8) = 0
91081 rt_sigaction(SIGTERM, NULL, {sa_handler=SIG_DFL, sa_mask=[], sa_flags=0}, 8) = 0
91081 rt_sigaction(SIGTERM, {sa_handler=0x480ae0, sa_mask=~[RTMIN RT_1], sa_flags=SA_RESTORER|SA_ONSTACK|SA_RESTART|SA_SIGINFO, sa_restorer=0x7f13a18c2520}, NULL, 8) = 0
91081 rt_sigaction(SIGSTKFLT, NULL, {sa_handler=SIG_DFL, sa_mask=[], sa_flags=0}, 8) = 0
91081 rt_sigaction(SIGSTKFLT, {sa_handler=0x480ae0, sa_mask=~[RTMIN RT_1], sa_flags=SA_RESTORER|SA_ONSTACK|SA_RESTART|SA_SIGINFO, sa_restorer=0x7f13a18c2520}, NULL, 8) = 0
91081 rt_sigaction(SIGCHLD, NULL, {sa_handler=SIG_DFL, sa_mask=[], sa_flags=0}, 8) = 0
91081 rt_sigaction(SIGCHLD, {sa_handler=0x480ae0, sa_mask=~[RTMIN RT_1], sa_flags=SA_RESTORER|SA_ONSTACK|SA_RESTART|SA_SIGINFO, sa_restorer=0x7f13a18c2520}, NULL, 8) = 0
91081 rt_sigaction(SIGURG, NULL, {sa_handler=SIG_DFL, sa_mask=[], sa_flags=0}, 8) = 0
91081 rt_sigaction(SIGURG, {sa_handler=0x480ae0, sa_mask=~[RTMIN RT_1], sa_flags=SA_RESTORER|SA_ONSTACK|SA_RESTART|SA_SIGINFO, sa_restorer=0x7f13a18c2520}, NULL, 8) = 0
91081 rt_sigaction(SIGXCPU, NULL, {sa_handler=SIG_DFL, sa_mask=[], sa_flags=0}, 8) = 0
91081 rt_sigaction(SIGXCPU, {sa_handler=0x480ae0, sa_mask=~[RTMIN RT_1], sa_flags=SA_RESTORER|SA_ONSTACK|SA_RESTART|SA_SIGINFO, sa_restorer=0x7f13a18c2520}, NULL, 8) = 0
91081 rt_sigaction(SIGXFSZ, NULL, {sa_handler=SIG_DFL, sa_mask=[], sa_flags=0}, 8) = 0
91081 rt_sigaction(SIGXFSZ, {sa_handler=0x480ae0, sa_mask=~[RTMIN RT_1], sa_flags=SA_RESTORER|SA_ONSTACK|SA_RESTART|SA_SIGINFO, sa_restorer=0x7f13a18c2520}, NULL, 8) = 0
91081 rt_sigaction(SIGVTALRM, NULL, {sa_handler=SIG_DFL, sa_mask=[], sa_flags=0}, 8) = 0
91081 rt_sigaction(SIGVTALRM, {sa_handler=0x480ae0, sa_mask=~[RTMIN RT_1], sa_flags=SA_RESTORER|SA_ONSTACK|SA_RESTART|SA_SIGINFO, sa_restorer=0x7f13a18c2520}, NULL, 8) = 0
91081 rt_sigaction(SIGPROF, NULL, {sa_handler=SIG_DFL, sa_mask=[], sa_flags=0}, 8) = 0
91081 rt_sigaction(SIGPROF, {sa_handler=0x480ae0, sa_mask=~[RTMIN RT_1], sa_flags=SA_RESTORER|SA_ONSTACK|SA_RESTART|SA_SIGINFO, sa_restorer=0x7f13a18c2520}, NULL, 8) = 0
91081 rt_sigaction(SIGWINCH, NULL, {sa_handler=SIG_DFL, sa_mask=[], sa_flags=0}, 8) = 0
91081 rt_sigaction(SIGWINCH, {sa_handler=0x480ae0, sa_mask=~[RTMIN RT_1], sa_flags=SA_RESTORER|SA_ONSTACK|SA_RESTART|SA_SIGINFO, sa_restorer=0x7f13a18c2520}, NULL, 8) = 0
91081 rt_sigaction(SIGIO, NULL, {sa_handler=SIG_DFL, sa_mask=[], sa_flags=0}, 8) = 0
91081 rt_sigaction(SIGIO, {sa_handler=0x480ae0, sa_mask=~[RTMIN RT_1], sa_flags=SA_RESTORER|SA_ONSTACK|SA_RESTART|SA_SIGINFO, sa_restorer=0x7f13a18c2520}, NULL, 8) = 0
91081 rt_sigaction(SIGPWR, NULL, {sa_handler=SIG_DFL, sa_mask=[], sa_flags=0}, 8) = 0
91081 rt_sigaction(SIGPWR, {sa_handler=0x480ae0, sa_mask=~[RTMIN RT_1], sa_flags=SA_RESTORER|SA_ONSTACK|SA_RESTART|SA_SIGINFO, sa_restorer=0x7f13a18c2520}, NULL, 8) = 0
91081 rt_sigaction(SIGSYS, NULL, {sa_handler=SIG_DFL, sa_mask=[], sa_flags=0}, 8) = 0
91081 rt_sigaction(SIGSYS, {sa_handler=0x480ae0, sa_mask=~[RTMIN RT_1], sa_flags=SA_RESTORER|SA_ONSTACK|SA_RESTART|SA_SIGINFO, sa_restorer=0x7f13a18c2520}, NULL, 8) = 0
91081 rt_sigaction(SIGRTMIN, NULL, {sa_handler=SIG_DFL, sa_mask=[], sa_flags=0}, 8) = 0
91081 rt_sigaction(SIGRT_1, NULL, {sa_handler=SIG_DFL, sa_mask=[], sa_flags=0}, 8) = 0
91081 rt_sigaction(SIGRT_2, NULL, {sa_handler=SIG_DFL, sa_mask=[], sa_flags=0}, 8) = 0
91081 rt_sigaction(SIGRT_3, NULL, {sa_handler=SIG_DFL, sa_mask=[], sa_flags=0}, 8) = 0
91081 rt_sigaction(SIGRT_3, {sa_handler=0x480ae0, sa_mask=~[RTMIN RT_1], sa_flags=SA_RESTORER|SA_ONSTACK|SA_RESTART|SA_SIGINFO, sa_restorer=0x7f13a18c2520}, NULL, 8) = 0
91081 rt_sigaction(SIGRT_4, NULL, {sa_handler=SIG_DFL, sa_mask=[], sa_flags=0}, 8) = 0
91081 rt_sigaction(SIGRT_4, {sa_handler=0x480ae0, sa_mask=~[RTMIN RT_1], sa_flags=SA_RESTORER|SA_ONSTACK|SA_RESTART|SA_SIGINFO, sa_restorer=0x7f13a18c2520}, NULL, 8) = 0
91081 rt_sigaction(SIGRT_5, NULL, {sa_handler=SIG_DFL, sa_mask=[], sa_flags=0}, 8) = 0
91081 rt_sigaction(SIGRT_5, {sa_handler=0x480ae0, sa_mask=~[RTMIN RT_1], sa_flags=SA_RESTORER|SA_ONSTACK|SA_RESTART|SA_SIGINFO, sa_restorer=0x7f13a18c2520}, NULL, 8) = 0
91081 rt_sigaction(SIGRT_6, NULL, {sa_handler=SIG_DFL, sa_mask=[], sa_flags=0}, 8) = 0
91081 rt_sigaction(SIGRT_6, {sa_handler=0x480ae0, sa_mask=~[RTMIN RT_1], sa_flags=SA_RESTORER|SA_ONSTACK|SA_RESTART|SA_SIGINFO, sa_restorer=0x7f13a18c2520}, NULL, 8) = 0
91081 rt_sigaction(SIGRT_7, NULL, {sa_handler=SIG_DFL, sa_mask=[], sa_flags=0}, 8) = 0
91081 rt_sigaction(SIGRT_7, {sa_handler=0x480ae0, sa_mask=~[RTMIN RT_1], sa_flags=SA_RESTORER|SA_ONSTACK|SA_RESTART|SA_SIGINFO, sa_restorer=0x7f13a18c2520}, NULL, 8) = 0
91081 rt_sigaction(SIGRT_8, NULL, {sa_handler=SIG_DFL, sa_mask=[], sa_flags=0}, 8) = 0
91081 rt_sigaction(SIGRT_8, {sa_handler=0x480ae0, sa_mask=~[RTMIN RT_1], sa_flags=SA_RESTORER|SA_ONSTACK|SA_RESTART|SA_SIGINFO, sa_restorer=0x7f13a18c2520}, NULL, 8) = 0
91081 rt_sigaction(SIGRT_9, NULL, {sa_handler=SIG_DFL, sa_mask=[], sa_flags=0}, 8) = 0
91081 rt_sigaction(SIGRT_9, {sa_handler=0x480ae0, sa_mask=~[RTMIN RT_1], sa_flags=SA_RESTORER|SA_ONSTACK|SA_RESTART|SA_SIGINFO, sa_restorer=0x7f13a18c2520}, NULL, 8) = 0
91081 rt_sigaction(SIGRT_10, NULL, {sa_handler=SIG_DFL, sa_mask=[], sa_flags=0}, 8) = 0
91081 rt_sigaction(SIGRT_10, {sa_handler=0x480ae0, sa_mask=~[RTMIN RT_1], sa_flags=SA_RESTORER|SA_ONSTACK|SA_RESTART|SA_SIGINFO, sa_restorer=0x7f13a18c2520}, NULL, 8) = 0
91081 rt_sigaction(SIGRT_11, NULL, {sa_handler=SIG_DFL, sa_mask=[], sa_flags=0}, 8) = 0
91081 rt_sigaction(SIGRT_11, {sa_handler=0x480ae0, sa_mask=~[RTMIN RT_1], sa_flags=SA_RESTORER|SA_ONSTACK|SA_RESTART|SA_SIGINFO, sa_restorer=0x7f13a18c2520}, NULL, 8) = 0
91081 rt_sigaction(SIGRT_12, NULL, {sa_handler=SIG_DFL, sa_mask=[], sa_flags=0}, 8) = 0
91081 rt_sigaction(SIGRT_12, {sa_handler=0x480ae0, sa_mask=~[RTMIN RT_1], sa_flags=SA_RESTORER|SA_ONSTACK|SA_RESTART|SA_SIGINFO, sa_restorer=0x7f13a18c2520}, NULL, 8) = 0
91081 rt_sigaction(SIGRT_13, NULL, {sa_handler=SIG_DFL, sa_mask=[], sa_flags=0}, 8) = 0
91081 rt_sigaction(SIGRT_13, {sa_handler=0x480ae0, sa_mask=~[RTMIN RT_1], sa_flags=SA_RESTORER|SA_ONSTACK|SA_RESTART|SA_SIGINFO, sa_restorer=0x7f13a18c2520}, NULL, 8) = 0
91081 rt_sigaction(SIGRT_14, NULL, {sa_handler=SIG_DFL, sa_mask=[], sa_flags=0}, 8) = 0
91081 rt_sigaction(SIGRT_14, {sa_handler=0x480ae0, sa_mask=~[RTMIN RT_1], sa_flags=SA_RESTORER|SA_ONSTACK|SA_RESTART|SA_SIGINFO, sa_restorer=0x7f13a18c2520}, NULL, 8) = 0
91081 rt_sigaction(SIGRT_15, NULL, {sa_handler=SIG_DFL, sa_mask=[], sa_flags=0}, 8) = 0
91081 rt_sigaction(SIGRT_15, {sa_handler=0x480ae0, sa_mask=~[RTMIN RT_1], sa_flags=SA_RESTORER|SA_ONSTACK|SA_RESTART|SA_SIGINFO, sa_restorer=0x7f13a18c2520}, NULL, 8) = 0
91081 rt_sigaction(SIGRT_16, NULL, {sa_handler=SIG_DFL, sa_mask=[], sa_flags=0}, 8) = 0
91081 rt_sigaction(SIGRT_16, {sa_handler=0x480ae0, sa_mask=~[RTMIN RT_1], sa_flags=SA_RESTORER|SA_ONSTACK|SA_RESTART|SA_SIGINFO, sa_restorer=0x7f13a18c2520}, NULL, 8) = 0
91081 rt_sigaction(SIGRT_17, NULL, {sa_handler=SIG_DFL, sa_mask=[], sa_flags=0}, 8) = 0
91081 rt_sigaction(SIGRT_17, {sa_handler=0x480ae0, sa_mask=~[RTMIN RT_1], sa_flags=SA_RESTORER|SA_ONSTACK|SA_RESTART|SA_SIGINFO, sa_restorer=0x7f13a18c2520}, NULL, 8) = 0
91081 rt_sigaction(SIGRT_18, NULL, {sa_handler=SIG_DFL, sa_mask=[], sa_flags=0}, 8) = 0
91081 rt_sigaction(SIGRT_18, {sa_handler=0x480ae0, sa_mask=~[RTMIN RT_1], sa_flags=SA_RESTORER|SA_ONSTACK|SA_RESTART|SA_SIGINFO, sa_restorer=0x7f13a18c2520}, NULL, 8) = 0
91081 rt_sigaction(SIGRT_19, NULL, {sa_handler=SIG_DFL, sa_mask=[], sa_flags=0}, 8) = 0
91081 rt_sigaction(SIGRT_19, {sa_handler=0x480ae0, sa_mask=~[RTMIN RT_1], sa_flags=SA_RESTORER|SA_ONSTACK|SA_RESTART|SA_SIGINFO, sa_restorer=0x7f13a18c2520}, NULL, 8) = 0
91081 rt_sigaction(SIGRT_20, NULL, {sa_handler=SIG_DFL, sa_mask=[], sa_flags=0}, 8) = 0
91081 rt_sigaction(SIGRT_20, {sa_handler=0x480ae0, sa_mask=~[RTMIN RT_1], sa_flags=SA_RESTORER|SA_ONSTACK|SA_RESTART|SA_SIGINFO, sa_restorer=0x7f13a18c2520}, NULL, 8) = 0
91081 rt_sigaction(SIGRT_21, NULL, {sa_handler=SIG_DFL, sa_mask=[], sa_flags=0}, 8) = 0
91081 rt_sigaction(SIGRT_21, {sa_handler=0x480ae0, sa_mask=~[RTMIN RT_1], sa_flags=SA_RESTORER|SA_ONSTACK|SA_RESTART|SA_SIGINFO, sa_restorer=0x7f13a18c2520}, NULL, 8) = 0
91081 rt_sigaction(SIGRT_22, NULL, {sa_handler=SIG_DFL, sa_mask=[], sa_flags=0}, 8) = 0
91081 rt_sigaction(SIGRT_22, {sa_handler=0x480ae0, sa_mask=~[RTMIN RT_1], sa_flags=SA_RESTORER|SA_ONSTACK|SA_RESTART|SA_SIGINFO, sa_restorer=0x7f13a18c2520}, NULL, 8) = 0
91081 rt_sigaction(SIGRT_23, NULL, {sa_handler=SIG_DFL, sa_mask=[], sa_flags=0}, 8) = 0
91081 rt_sigaction(SIGRT_23, {sa_handler=0x480ae0, sa_mask=~[RTMIN RT_1], sa_flags=SA_RESTORER|SA_ONSTACK|SA_RESTART|SA_SIGINFO, sa_restorer=0x7f13a18c2520}, NULL, 8) = 0
91081 rt_sigaction(SIGRT_24, NULL, {sa_handler=SIG_DFL, sa_mask=[], sa_flags=0}, 8) = 0
91081 rt_sigaction(SIGRT_24, {sa_handler=0x480ae0, sa_mask=~[RTMIN RT_1], sa_flags=SA_RESTORER|SA_ONSTACK|SA_RESTART|SA_SIGINFO, sa_restorer=0x7f13a18c2520}, NULL, 8) = 0
91081 rt_sigaction(SIGRT_25, NULL, {sa_handler=SIG_DFL, sa_mask=[], sa_flags=0}, 8) = 0
91081 rt_sigaction(SIGRT_25, {sa_handler=0x480ae0, sa_mask=~[RTMIN RT_1], sa_flags=SA_RESTORER|SA_ONSTACK|SA_RESTART|SA_SIGINFO, sa_restorer=0x7f13a18c2520}, NULL, 8) = 0
91081 rt_sigaction(SIGRT_26, NULL, {sa_handler=SIG_DFL, sa_mask=[], sa_flags=0}, 8) = 0
91081 rt_sigaction(SIGRT_26, {sa_handler=0x480ae0, sa_mask=~[RTMIN RT_1], sa_flags=SA_RESTORER|SA_ONSTACK|SA_RESTART|SA_SIGINFO, sa_restorer=0x7f13a18c2520}, NULL, 8) = 0
91081 rt_sigaction(SIGRT_27, NULL, {sa_handler=SIG_DFL, sa_mask=[], sa_flags=0}, 8) = 0
91081 rt_sigaction(SIGRT_27, {sa_handler=0x480ae0, sa_mask=~[RTMIN RT_1], sa_flags=SA_RESTORER|SA_ONSTACK|SA_RESTART|SA_SIGINFO, sa_restorer=0x7f13a18c2520}, NULL, 8) = 0
91081 rt_sigaction(SIGRT_28, NULL, {sa_handler=SIG_DFL, sa_mask=[], sa_flags=0}, 8) = 0
91081 rt_sigaction(SIGRT_28, {sa_handler=0x480ae0, sa_mask=~[RTMIN RT_1], sa_flags=SA_RESTORER|SA_ONSTACK|SA_RESTART|SA_SIGINFO, sa_restorer=0x7f13a18c2520}, NULL, 8) = 0
91081 rt_sigaction(SIGRT_29, NULL, {sa_handler=SIG_DFL, sa_mask=[], sa_flags=0}, 8) = 0
91081 rt_sigaction(SIGRT_29, {sa_handler=0x480ae0, sa_mask=~[RTMIN RT_1], sa_flags=SA_RESTORER|SA_ONSTACK|SA_RESTART|SA_SIGINFO, sa_restorer=0x7f13a18c2520}, NULL, 8) = 0
91081 rt_sigaction(SIGRT_30, NULL, {sa_handler=SIG_DFL, sa_mask=[], sa_flags=0}, 8) = 0
91081 rt_sigaction(SIGRT_30, {sa_handler=0x480ae0, sa_mask=~[RTMIN RT_1], sa_flags=SA_RESTORER|SA_ONSTACK|SA_RESTART|SA_SIGINFO, sa_restorer=0x7f13a18c2520}, NULL, 8) = 0
91081 rt_sigaction(SIGRT_31, NULL, {sa_handler=SIG_DFL, sa_mask=[], sa_flags=0}, 8) = 0
91081 rt_sigaction(SIGRT_31, {sa_handler=0x480ae0, sa_mask=~[RTMIN RT_1], sa_flags=SA_RESTORER|SA_ONSTACK|SA_RESTART|SA_SIGINFO, sa_restorer=0x7f13a18c2520}, NULL, 8) = 0
91081 rt_sigaction(SIGRT_32, NULL, {sa_handler=SIG_DFL, sa_mask=[], sa_flags=0}, 8) = 0
91081 rt_sigaction(SIGRT_32, {sa_handler=0x480ae0, sa_mask=~[RTMIN RT_1], sa_flags=SA_RESTORER|SA_ONSTACK|SA_RESTART|SA_SIGINFO, sa_restorer=0x7f13a18c2520}, NULL, 8) = 0
91081 rt_sigprocmask(SIG_SETMASK, ~[RTMIN RT_1], [], 8) = 0
91081 rt_sigaction(SIGRT_1, {sa_handler=0x7f13a1911870, sa_mask=[], sa_flags=SA_RESTORER|SA_ONSTACK|SA_RESTART|SA_SIGINFO, sa_restorer=0x7f13a18c2520}, NULL, 8) = 0
91081 rt_sigprocmask(SIG_UNBLOCK, [RTMIN RT_1], NULL, 8) = 0
91081 mmap(NULL, 8392704, PROT_NONE, MAP_PRIVATE|MAP_ANONYMOUS|MAP_STACK, -1, 0) = 0x7f135a5ea000
91081 mprotect(0x7f135a5eb000, 8388608, PROT_READ|PROT_WRITE) = 0
91081 rt_sigprocmask(SIG_BLOCK, ~[], ~[KILL STOP RTMIN RT_1], 8) = 0
91081 clone3({flags=CLONE_VM|CLONE_FS|CLONE_FILES|CLONE_SIGHAND|CLONE_THREAD|CLONE_SYSVSEM|CLONE_SETTLS|CLONE_PARENT_SETTID|CLONE_CHILD_CLEARTID, child_tid=0x7f135adea910, parent_tid=0x7f135adea910, exit_signal=0, stack=0x7f135a5ea000, stack_size=0x7fff00, tls=0x7f135adea640} => {parent_tid=[91082]}, 88) = 91082
91081 rt_sigprocmask(SIG_SETMASK, ~[KILL STOP RTMIN RT_1], NULL, 8) = 0
91081 rt_sigprocmask(SIG_SETMASK, [], NULL, 8) = 0
91081 mmap(NULL, 262144, PROT_READ|PROT_WRITE, MAP_PRIVATE|MAP_ANONYMOUS, -1, 0 <unfinished ...>
91082 rseq(0x7f135adeafe0, 0x20, 0, 0x53053053 <unfinished ...>
91081 <... mmap resumed>)               = 0x7f135a5aa000
91081 prctl(0x53564d41 /* PR_??? */, 0, 0x7f135a5aa000, 0x40000, 0x7ffda6848240) = -1 EINVAL (Invalid argument)
91081 rt_sigprocmask(SIG_SETMASK, ~[RTMIN RT_1], [], 8) = 0
91081 mmap(NULL, 8392704, PROT_NONE, MAP_PRIVATE|MAP_ANONYMOUS|MAP_STACK, -1, 0) = 0x7f1359da9000
91081 mprotect(0x7f1359daa000, 8388608, PROT_READ|PROT_WRITE) = 0
91081 rt_sigprocmask(SIG_BLOCK, ~[], ~[KILL STOP RTMIN RT_1], 8) = 0
91081 clone3({flags=CLONE_VM|CLONE_FS|CLONE_FILES|CLONE_SIGHAND|CLONE_THREAD|CLONE_SYSVSEM|CLONE_SETTLS|CLONE_PARENT_SETTID|CLONE_CHILD_CLEARTID, child_tid=0x7f135a5a9910, parent_tid=0x7f135a5a9910, exit_signal=0, stack=0x7f1359da9000, stack_size=0x7fff00, tls=0x7f135a5a9640} => {parent_tid=[91083]}, 88) = 91083
91082 <... rseq resumed>)               = 0
91081 rt_sigprocmask(SIG_SETMASK, ~[KILL STOP RTMIN RT_1], NULL, 8) = 0
91081 rt_sigprocmask(SIG_SETMASK, [], NULL, 8) = 0
91081 rt_sigprocmask(SIG_SETMASK, ~[RTMIN RT_1],  <unfinished ...>
91083 rseq(0x7f135a5a9fe0, 0x20, 0, 0x53053053 <unfinished ...>
91082 set_robust_list(0x7f135adea920, 24 <unfinished ...>
91081 <... rt_sigprocmask resumed>[], 8) = 0
91081 mmap(NULL, 8392704, PROT_NONE, MAP_PRIVATE|MAP_ANONYMOUS|MAP_STACK, -1, 0) = 0x7f13595a8000
91081 mprotect(0x7f13595a9000, 8388608, PROT_READ|PROT_WRITE) = 0
91081 rt_sigprocmask(SIG_BLOCK, ~[], ~[KILL STOP RTMIN RT_1], 8) = 0
91081 clone3({flags=CLONE_VM|CLONE_FS|CLONE_FILES|CLONE_SIGHAND|CLONE_THREAD|CLONE_SYSVSEM|CLONE_SETTLS|CLONE_PARENT_SETTID|CLONE_CHILD_CLEARTID, child_tid=0x7f1359da8910, parent_tid=0x7f1359da8910, exit_signal=0, stack=0x7f13595a8000, stack_size=0x7fff00, tls=0x7f1359da8640} <unfinished ...>
91083 <... rseq resumed>)               = 0
91082 <... set_robust_list resumed>)    = 0
91081 <... clone3 resumed> => {parent_tid=[91084]}, 88) = 91084
91081 rt_sigprocmask(SIG_SETMASK, ~[KILL STOP RTMIN RT_1], NULL, 8) = 0
91081 rt_sigprocmask(SIG_SETMASK, [], NULL, 8) = 0
91081 futex(0x989dd0, FUTEX_WAIT_PRIVATE, 0, NULL <unfinished ...>
91084 rseq(0x7f1359da8fe0, 0x20, 0, 0x53053053 <unfinished ...>
91083 set_robust_list(0x7f135a5a9920, 24 <unfinished ...>
91082 rt_sigprocmask(SIG_SETMASK, ~[KILL STOP RTMIN RT_1],  <unfinished ...>
91084 <... rseq resumed>)               = 0
91083 <... set_robust_list resumed>)    = 0
91082 <... rt_sigprocmask resumed>NULL, 8) = 0
91084 set_robust_list(0x7f1359da8920, 24 <unfinished ...>
91083 rt_sigprocmask(SIG_SETMASK, ~[KILL STOP RTMIN RT_1],  <unfinished ...>
91082 mmap(NULL, 134217728, PROT_NONE, MAP_PRIVATE|MAP_ANONYMOUS|MAP_NORESERVE, -1, 0 <unfinished ...>
91084 <... set_robust_list resumed>)    = 0
91083 <... rt_sigprocmask resumed>NULL, 8) = 0
91082 <... mmap resumed>)               = 0x7f13515a8000
91084 rt_sigprocmask(SIG_SETMASK, ~[KILL STOP RTMIN RT_1],  <unfinished ...>
91083 mmap(NULL, 134217728, PROT_NONE, MAP_PRIVATE|MAP_ANONYMOUS|MAP_NORESERVE, -1, 0 <unfinished ...>
91082 munmap(0x7f13515a8000, 44400640 <unfinished ...>
91084 <... rt_sigprocmask resumed>NULL, 8) = 0
91083 <... mmap resumed>)               = 0x7f134c000000
91082 <... munmap resumed>)             = 0
91084 mmap(0x7f1350000000, 67108864, PROT_NONE, MAP_PRIVATE|MAP_ANONYMOUS|MAP_NORESERVE, -1, 0 <unfinished ...>
91083 munmap(0x7f1350000000, 67108864 <unfinished ...>
91082 munmap(0x7f1358000000, 22708224 <unfinished ...>
91084 <... mmap resumed>)               = 0x7f1350000000
91083 <... munmap resumed>)             = 0
91082 <... munmap resumed>)             = 0
91084 mprotect(0x7f1350000000, 135168, PROT_READ|PROT_WRITE <unfinished ...>
91083 mprotect(0x7f134c000000, 135168, PROT_READ|PROT_WRITE <unfinished ...>
91082 mprotect(0x7f1354000000, 135168, PROT_READ|PROT_WRITE <unfinished ...>
91084 <... mprotect resumed>)           = 0
91083 <... mprotect resumed>)           = 0
91082 <... mprotect resumed>)           = 0
91084 sigaltstack(NULL,  <unfinished ...>
91083 sigaltstack(NULL,  <unfinished ...>
91082 sigaltstack(NULL,  <unfinished ...>
91084 <... sigaltstack resumed>{ss_sp=NULL, ss_flags=SS_DISABLE, ss_size=0}) = 0
91083 <... sigaltstack resumed>{ss_sp=NULL, ss_flags=SS_DISABLE, ss_size=0}) = 0
91082 <... sigaltstack resumed>{ss_sp=NULL, ss_flags=SS_DISABLE, ss_size=0}) = 0
91084 sigaltstack({ss_sp=0xc000076000, ss_flags=0, ss_size=32768},  <unfinished ...>
91083 sigaltstack({ss_sp=0xc000068000, ss_flags=0, ss_size=32768},  <unfinished ...>
91082 sigaltstack({ss_sp=0xc00005e000, ss_flags=0, ss_size=32768},  <unfinished ...>
91084 <... sigaltstack resumed>NULL)    = 0
91083 <... sigaltstack resumed>NULL)    = 0
91082 <... sigaltstack resumed>NULL)    = 0
91084 rt_sigprocmask(SIG_SETMASK, [],  <unfinished ...>
91083 rt_sigprocmask(SIG_SETMASK, [],  <unfinished ...>
91082 rt_sigprocmask(SIG_SETMASK, [],  <unfinished ...>
91084 <... rt_sigprocmask resumed>NULL, 8) = 0
91083 <... rt_sigprocmask resumed>NULL, 8) = 0
91082 <... rt_sigprocmask resumed>NULL, 8) = 0
91084 gettid( <unfinished ...>
91083 gettid( <unfinished ...>
91082 gettid( <unfinished ...>
91084 <... gettid resumed>)             = 91084
91083 <... gettid resumed>)             = 91083
91082 <... gettid resumed>)             = 91082
91084 futex(0xc00004d958, FUTEX_WAIT_PRIVATE, 0, NULL <unfinished ...>
91083 futex(0x989dd0, FUTEX_WAKE_PRIVATE, 1 <unfinished ...>
91082 nanosleep({tv_sec=0, tv_nsec=20000},  <unfinished ...>
91081 <... futex resumed>)              = 0
91083 <... futex resumed>)              = 1
91081 mmap(NULL, 262144, PROT_READ|PROT_WRITE, MAP_PRIVATE|MAP_ANONYMOUS, -1, 0 <unfinished ...>
91082 <... nanosleep resumed>NULL)      = 0
91081 <... mmap resumed>)               = 0x7f1359568000
91083 futex(0xc00004d158, FUTEX_WAIT_PRIVATE, 0, NULL <unfinished ...>
91081 futex(0xc00004d158, FUTEX_WAKE_PRIVATE, 1) = 0
91081 rt_sigprocmask(SIG_SETMASK, ~[RTMIN RT_1],  <unfinished ...>
91083 <... futex resumed>)              = -1 EAGAIN (Resource temporarily unavailable)
91082 sched_getaffinity(0, 8192,  <unfinished ...>
91081 <... rt_sigprocmask resumed>[], 8) = 0
91081 mmap(NULL, 8392704, PROT_NONE, MAP_PRIVATE|MAP_ANONYMOUS|MAP_STACK, -1, 0) = 0x7f1358d67000
91082 <... sched_getaffinity resumed>[0, 1]) = 16
91083 nanosleep({tv_sec=0, tv_nsec=3000},  <unfinished ...>
91081 mprotect(0x7f1358d68000, 8388608, PROT_READ|PROT_WRITE) = 0
91081 rt_sigprocmask(SIG_BLOCK, ~[], ~[KILL STOP RTMIN RT_1], 8) = 0
91081 clone3({flags=CLONE_VM|CLONE_FS|CLONE_FILES|CLONE_SIGHAND|CLONE_THREAD|CLONE_SYSVSEM|CLONE_SETTLS|CLONE_PARENT_SETTID|CLONE_CHILD_CLEARTID, child_tid=0x7f1359567910, parent_tid=0x7f1359567910, exit_signal=0, stack=0x7f1358d67000, stack_size=0x7fff00, tls=0x7f1359567640} <unfinished ...>
91082 nanosleep({tv_sec=0, tv_nsec=20000},  <unfinished ...>
91081 <... clone3 resumed> => {parent_tid=[91085]}, 88) = 91085
91081 rt_sigprocmask(SIG_SETMASK, ~[KILL STOP RTMIN RT_1], NULL, 8) = 0
91081 rt_sigprocmask(SIG_SETMASK, [], NULL, 8) = 0
91081 prlimit64(0, RLIMIT_NOFILE, NULL,  <unfinished ...>
91083 <... nanosleep resumed>NULL)      = 0
91082 <... nanosleep resumed>NULL)      = 0
91081 <... prlimit64 resumed>{rlim_cur=1024*1024, rlim_max=1024*1024}) = 0
91081 fcntl(0, F_GETFL <unfinished ...>
91082 nanosleep({tv_sec=0, tv_nsec=20000},  <unfinished ...>
91081 <... fcntl resumed>)              = 0x8000 (flags O_RDONLY|O_LARGEFILE)
91083 futex(0xc00004d158, FUTEX_WAIT_PRIVATE, 0, NULL <unfinished ...>
91081 futex(0xc00004d158, FUTEX_WAKE_PRIVATE, 1) = 0
91081 fcntl(1, F_GETFL)                 = 0x1 (flags O_WRONLY)
91081 fcntl(2, F_GETFL)                 = 0x1 (flags O_WRONLY)
91081 epoll_create1(EPOLL_CLOEXEC <unfinished ...>
91083 <... futex resumed>)              = -1 EAGAIN (Resource temporarily unavailable)
91082 <... nanosleep resumed>NULL)      = 0
91081 <... epoll_create1 resumed>)      = 3
91081 eventfd2(0, EFD_CLOEXEC|EFD_NONBLOCK) = 4
91081 epoll_ctl(3, EPOLL_CTL_ADD, 4, {events=EPOLLIN, data={u32=10132776, u64=10132776}} <unfinished ...>
91082 nanosleep({tv_sec=0, tv_nsec=20000},  <unfinished ...>
91083 nanosleep({tv_sec=0, tv_nsec=3000},  <unfinished ...>
91081 <... epoll_ctl resumed>)          = 0
91081 getrandom("\xb0\x4a\x55\x88\x04\x6b\x56\x04\x0a\xec\xb9\x1f\xe3\x0a\x81\x0a\x07\xec\x3d\xd0\x7d\xfa\xb3\x5d\xb9\x68\x1f\x72\xa5\x3a\x0a\x02", 32, 0) = 32
91081 getrandom("\x2e\xc9\xa2\x86\xee\xb1\x9b\x6c\x2f\x44\xed\x56\x0d\x86\xc9\x45", 16, 0) = 16
91081 socket(AF_INET, SOCK_STREAM|SOCK_CLOEXEC|SOCK_NONBLOCK, IPPROTO_IP) = 5
91083 <... nanosleep resumed>NULL)      = 0
91082 <... nanosleep resumed>NULL)      = 0
91081 connect(5, {sa_family=AF_INET, sin_port=htons(80), sin_addr=inet_addr("16.184.21.18")}, 16) = -1 EINPROGRESS (Operation now in progress)
91083 epoll_pwait(3,  <unfinished ...>
91082 nanosleep({tv_sec=0, tv_nsec=20000},  <unfinished ...>
91081 epoll_ctl(3, EPOLL_CTL_ADD, 5, {events=EPOLLIN|EPOLLOUT|EPOLLRDHUP|EPOLLET, data={u32=2382364673, u64=9156760699953741825}}) = 0
91081 futex(0xc00004d958, FUTEX_WAKE_PRIVATE, 1) = 1
91081 futex(0x989dd0, FUTEX_WAIT_PRIVATE, 0, NULL <unfinished ...>
91085 rseq(0x7f1359567fe0, 0x20, 0, 0x53053053 <unfinished ...>
91084 <... futex resumed>)              = 0
91085 <... rseq resumed>)               = 0
91085 set_robust_list(0x7f1359567920, 24) = 0
91085 rt_sigprocmask(SIG_SETMASK, ~[KILL STOP RTMIN RT_1], NULL, 8) = 0
91085 mmap(NULL, 134217728, PROT_NONE, MAP_PRIVATE|MAP_ANONYMOUS|MAP_NORESERVE, -1, 0) = 0x7f1344000000
91085 munmap(0x7f1348000000, 67108864)  = 0
91085 mprotect(0x7f1344000000, 135168, PROT_READ|PROT_WRITE) = 0
91085 sigaltstack(NULL, {ss_sp=NULL, ss_flags=SS_DISABLE, ss_size=0}) = 0
91085 sigaltstack({ss_sp=0xc000086000, ss_flags=0, ss_size=32768}, NULL) = 0
91085 rt_sigprocmask(SIG_SETMASK, [], NULL, 8) = 0
91085 gettid()                          = 91085
91085 futex(0x9aa318, FUTEX_WAIT_PRIVATE, 0, NULL <unfinished ...>
91084 futex(0xc00004d958, FUTEX_WAIT_PRIVATE, 0, NULL <unfinished ...>
91082 <... nanosleep resumed>NULL)      = 0
91082 futex(0x98b710, FUTEX_WAIT_PRIVATE, 0, {tv_sec=29, tv_nsec=999048503} <unfinished ...>
91083 <... epoll_pwait resumed>[{events=EPOLLOUT, data={u32=2382364673, u64=9156760699953741825}}], 128, 29999, NULL, 0) = 1
91083 futex(0x98b710, FUTEX_WAKE_PRIVATE, 1) = 1
91082 <... futex resumed>)              = 0
91083 getsockopt(5, SOL_SOCKET, SO_ERROR,  <unfinished ...>
91082 sched_yield( <unfinished ...>
91083 <... getsockopt resumed>[0], [4]) = 0
91082 <... sched_yield resumed>)        = 0
91083 getpeername(5,  <unfinished ...>
91082 nanosleep({tv_sec=0, tv_nsec=20000},  <unfinished ...>
91083 <... getpeername resumed>{sa_family=AF_INET, sin_port=htons(80), sin_addr=inet_addr("16.184.21.18")}, [112 => 16]) = 0
91083 futex(0xc00004d958, FUTEX_WAKE_PRIVATE, 1 <unfinished ...>
91082 <... nanosleep resumed>NULL)      = 0
91084 <... futex resumed>)              = 0
91083 <... futex resumed>)              = 1
91082 nanosleep({tv_sec=0, tv_nsec=20000},  <unfinished ...>
91084 epoll_pwait(3,  <unfinished ...>
91083 getsockname(5, {sa_family=AF_INET, sin_port=htons(47766), sin_addr=inet_addr("192.168.31.131")}, [112 => 16]) = 0
91082 <... nanosleep resumed>NULL)      = 0
91083 setsockopt(5, SOL_TCP, TCP_NODELAY, [1], 4 <unfinished ...>
91082 nanosleep({tv_sec=0, tv_nsec=20000},  <unfinished ...>
91083 <... setsockopt resumed>)         = 0
91083 setsockopt(5, SOL_SOCKET, SO_KEEPALIVE, [1], 4 <unfinished ...>
91082 <... nanosleep resumed>NULL)      = 0
91083 <... setsockopt resumed>)         = 0
91082 nanosleep({tv_sec=0, tv_nsec=20000},  <unfinished ...>
91083 setsockopt(5, SOL_TCP, TCP_KEEPIDLE, [30], 4) = 0
91082 <... nanosleep resumed>NULL)      = 0
91083 setsockopt(5, SOL_TCP, TCP_KEEPINTVL, [15], 4 <unfinished ...>
91082 nanosleep({tv_sec=0, tv_nsec=20000},  <unfinished ...>
91083 <... setsockopt resumed>)         = 0
91083 setsockopt(5, SOL_TCP, TCP_KEEPCNT, [9], 4 <unfinished ...>
91082 <... nanosleep resumed>NULL)      = 0
91083 <... setsockopt resumed>)         = 0
91082 nanosleep({tv_sec=0, tv_nsec=20000},  <unfinished ...>
91083 futex(0x989dd0, FUTEX_WAKE_PRIVATE, 1 <unfinished ...>
91081 <... futex resumed>)              = 0
91083 <... futex resumed>)              = 1
91082 <... nanosleep resumed>NULL)      = 0
91081 nanosleep({tv_sec=0, tv_nsec=3000},  <unfinished ...>
91082 nanosleep({tv_sec=0, tv_nsec=20000},  <unfinished ...>
91081 <... nanosleep resumed>NULL)      = 0
91083 read(5,  <unfinished ...>
91081 write(5, "POST /gate HTTP/1.1\r\nHost: 16.184.21.18\r\nUser-Agent: Go-http-client/1.1\r\nContent-Length: 64\r\nContent-Type: application/octet-stream\r\nAccept-Encoding: gzip\r\n\r\n.\311\242\206\356\261\233l/D\355V\r\206\311E\0\315S\\}Kp\361R\2709\223\211\353\311\177\231\204N\336\337\235\353\0\33ZD\340\341b\347\342Bv\234\364\233\367#\346O\326\341\223\250\321\33\221", 222) = 222
91083 <... read resumed>0xc000100000, 4096) = -1 EAGAIN (Resource temporarily unavailable)
91082 <... nanosleep resumed>NULL)      = 0
91081 futex(0x989dd0, FUTEX_WAIT_PRIVATE, 0, NULL <unfinished ...>
91083 futex(0xc00004d158, FUTEX_WAIT_PRIVATE, 0, NULL <unfinished ...>
91082 nanosleep({tv_sec=0, tv_nsec=20000}, NULL) = 0
91082 futex(0x98b710, FUTEX_WAIT_PRIVATE, 0, {tv_sec=29, tv_nsec=989722409} <unfinished ...>
91084 <... epoll_pwait resumed>[{events=EPOLLIN|EPOLLOUT, data={u32=2382364673, u64=9156760699953741825}}], 128, 29992, NULL, 0) = 1
91084 futex(0x98b710, FUTEX_WAKE_PRIVATE, 1) = 1
91082 <... futex resumed>)              = 0
91084 read(5,  <unfinished ...>
91082 sched_yield( <unfinished ...>
91084 <... read resumed>"HTTP/1.1 200 OK\r\nServer: nginx/1.29.1\r\nDate: Sun, 28 Sep 2025 11:45:23 GMT\r\nContent-Type: application/octet-stream\r\nContent-Length: 112\r\nConnection: keep-alive\r\nX-Frame-Options: DENY\r\nX-Content-Type-Options: nosniff\r\nX-XSS-Protection: 1; mode=block\r\n\r\n\32\371^\357E~\331\241@\340\351\220\330\22.\32\351h\222=\265\227Y\351!\326j4\2171O\355d\260B\"pH,\250\312\327oA\33?\244\10/\21\332\207t\377\370=\257\316n\327\2079\356\7\366S\250\r\344[p\240r\rN\263R\343\16\232\240~ok]\246\f\233\314F\316\242\314\261\19\237$\356g\364\216.\375qd\312<\370=\252\255", 4096) = 364
91082 <... sched_yield resumed>)        = 0
91082 nanosleep({tv_sec=0, tv_nsec=20000},  <unfinished ...>
91084 futex(0xc00004d158, FUTEX_WAKE_PRIVATE, 1) = 1
91083 <... futex resumed>)              = 0
91082 <... nanosleep resumed>NULL)      = 0
91083 nanosleep({tv_sec=0, tv_nsec=3000},  <unfinished ...>
91082 nanosleep({tv_sec=0, tv_nsec=20000},  <unfinished ...>
91084 read(5,  <unfinished ...>
91083 <... nanosleep resumed>NULL)      = 0
91082 <... nanosleep resumed>NULL)      = 0
91083 getrandom( <unfinished ...>
91084 <... read resumed>0xc000100000, 4096) = -1 EAGAIN (Resource temporarily unavailable)
91082 nanosleep({tv_sec=0, tv_nsec=20000},  <unfinished ...>
91084 epoll_pwait(3,  <unfinished ...>
91083 <... getrandom resumed>"\x29\x5f\x09\x0d\x8b\x93\x5f\xb5\x27\x28\xeb\xc5\x9b\xca\xf4\xdd", 16, 0) = 16
91084 <... epoll_pwait resumed>[], 128, 0, NULL, 0) = 0
91083 getrandom( <unfinished ...>
91082 <... nanosleep resumed>NULL)      = 0
91083 <... getrandom resumed>"\xc8\x32\x35\xfa\x8b\x3f\x2a\x27\xd2\xb4\x39\x5d\xdb\xe2\xc7\x9e", 16, 0) = 16
91082 nanosleep({tv_sec=0, tv_nsec=20000},  <unfinished ...>
91084 epoll_pwait(3,  <unfinished ...>
91083 futex(0x989dd0, FUTEX_WAKE_PRIVATE, 1 <unfinished ...>
91081 <... futex resumed>)              = 0
91083 <... futex resumed>)              = 1
91082 <... nanosleep resumed>NULL)      = 0
91081 nanosleep({tv_sec=0, tv_nsec=3000},  <unfinished ...>
91082 nanosleep({tv_sec=0, tv_nsec=20000},  <unfinished ...>
91083 write(5, "POST /gate HTTP/1.1\r\nHost: 16.184.21.18\r\nUser-Agent: Go-http-client/1.1\r\nContent-Length: 112\r\nContent-Type: application/octet-stream\r\nAccept-Encoding: gzip\r\n\r\n\31025\372\213?*'\322\2649]\333\342\307\236\365\f\210!\226s\362\215\3634\16re?\315\210\205\200\335K\313\325\3068\333\310\346\270\221\207\252\353\203.J\301\220\r\374[\265@\26\2714\2\321\334T\235\271\345Yg\343\307\3033\\mt\33E\26\347\17\357\266\323\r\0264\257\350\314\273\0[\353\357\0102.\350\246\210Hv\354\260\22A.\334\232R", 271 <unfinished ...>
91081 <... nanosleep resumed>NULL)      = 0
91083 <... write resumed>)              = 271
91082 <... nanosleep resumed>NULL)      = 0
91081 futex(0x989dd0, FUTEX_WAIT_PRIVATE, 0, NULL <unfinished ...>
91083 futex(0x989dd0, FUTEX_WAKE_PRIVATE, 1 <unfinished ...>
91081 <... futex resumed>)              = -1 EAGAIN (Resource temporarily unavailable)
91082 nanosleep({tv_sec=0, tv_nsec=20000},  <unfinished ...>
91081 nanosleep({tv_sec=0, tv_nsec=3000},  <unfinished ...>
91083 <... futex resumed>)              = 0
91083 futex(0xc00004d158, FUTEX_WAIT_PRIVATE, 0, NULL <unfinished ...>
91081 <... nanosleep resumed>NULL)      = 0
91082 <... nanosleep resumed>NULL)      = 0
91081 futex(0x989dd0, FUTEX_WAIT_PRIVATE, 0, NULL <unfinished ...>
91082 futex(0x98b710, FUTEX_WAIT_PRIVATE, 0, {tv_sec=29, tv_nsec=999148190} <unfinished ...>
91084 <... epoll_pwait resumed>[{events=EPOLLIN|EPOLLOUT, data={u32=2382364673, u64=9156760699953741825}}], 128, 29981, NULL, 0) = 1
91084 futex(0x98b710, FUTEX_WAKE_PRIVATE, 1) = 1
91082 <... futex resumed>)              = 0
91082 sched_yield( <unfinished ...>
91084 read(5,  <unfinished ...>
91082 <... sched_yield resumed>)        = 0
91084 <... read resumed>"HTTP/1.1 200 OK\r\nServer: nginx/1.29.1\r\nDate: Sun, 28 Sep 2025 11:45:23 GMT\r\nContent-Type: application/octet-stream\r\nContent-Length: 112\r\nConnection: keep-alive\r\nX-Frame-Options: DENY\r\nX-Content-Type-Options: nosniff\r\nX-XSS-Protection: 1; mode=block\r\n\r\nV\224\201\302V\346u\215J\207N\364\303>\177\24\27<w@[\33\250\0053\3341\0*\222\5\305\17\211\371\331E\222\370\247\\\264\254'\237qX\355\205z\10\210lw\372\301\262[\334ke\24\272t\334!b\2\16\212\5h\227_\221\fX\344\332Or\344\241\336\222\214m\26R\274\10hg\321\7\272\242\311\241-P\0363!\272\257\275\375\224\\r\24", 4096) = 364
91082 nanosleep({tv_sec=0, tv_nsec=20000},  <unfinished ...>
91084 futex(0x989dd0, FUTEX_WAKE_PRIVATE, 1 <unfinished ...>
91082 <... nanosleep resumed>NULL)      = 0
91081 <... futex resumed>)              = 0
91084 <... futex resumed>)              = 1
91082 nanosleep({tv_sec=0, tv_nsec=20000},  <unfinished ...>
91081 nanosleep({tv_sec=0, tv_nsec=3000},  <unfinished ...>
91084 read(5,  <unfinished ...>
91081 <... nanosleep resumed>NULL)      = 0
91081 epoll_pwait(3,  <unfinished ...>
91082 <... nanosleep resumed>NULL)      = 0
91082 nanosleep({tv_sec=0, tv_nsec=20000},  <unfinished ...>
91084 <... read resumed>0xc000100000, 4096) = -1 EAGAIN (Resource temporarily unavailable)
91084 futex(0xc00004d958, FUTEX_WAIT_PRIVATE, 0, NULL <unfinished ...>
91082 <... nanosleep resumed>NULL)      = 0
91082 futex(0x98b710, FUTEX_WAIT_PRIVATE, 0, {tv_sec=59, tv_nsec=999556305} <unfinished ...>
91081 <... epoll_pwait resumed>0x7ffda6847e54, 128, 59999, NULL, 0) = -1 EINTR (Interrupted system call)
91085 <... futex resumed>)              = ? ERESTARTSYS (To be restarted if SA_RESTART is set)
91082 <... futex resumed>)              = ? ERESTART_RESTARTBLOCK (Interrupted by signal)
91084 <... futex resumed>)              = ? ERESTARTSYS (To be restarted if SA_RESTART is set)
91083 <... futex resumed>)              = ? ERESTARTSYS (To be restarted if SA_RESTART is set)
91081 --- SIGCONT {si_signo=SIGCONT, si_code=SI_USER, si_pid=91074, si_uid=1000} ---
91085 --- SIGTERM {si_signo=SIGTERM, si_code=SI_USER, si_pid=91074, si_uid=1000} ---
91081 epoll_pwait(3,  <unfinished ...>
91085 rt_sigprocmask(SIG_UNBLOCK, [TERM],  <unfinished ...>
91081 <... epoll_pwait resumed>[], 128, 0, NULL, 0) = 0
91085 <... rt_sigprocmask resumed>NULL, 8) = 0
91081 epoll_pwait(3,  <unfinished ...>
91085 getpid()                          = 91081
91085 gettid()                          = 91085
91085 tgkill(91081, 91085, SIGTERM)     = 0
91085 --- SIGTERM {si_signo=SIGTERM, si_code=SI_TKILL, si_pid=91081, si_uid=1000} ---
91085 rt_sigaction(SIGTERM, {sa_handler=SIG_DFL, sa_mask=~[RTMIN RT_1], sa_flags=SA_RESTORER|SA_ONSTACK|SA_RESTART|SA_SIGINFO, sa_restorer=0x7f13a18c2520}, NULL, 8) = 0
91085 rt_sigprocmask(SIG_UNBLOCK, [TERM], NULL, 8) = 0
91085 getpid()                          = 91081
91085 gettid()                          = 91085
91085 tgkill(91081, 91085, SIGTERM)     = 0
91085 --- SIGTERM {si_signo=SIGTERM, si_code=SI_TKILL, si_pid=91081, si_uid=1000} ---
91081 <... epoll_pwait resumed> <unfinished ...>) = ?
91085 +++ killed by SIGTERM +++
91084 +++ killed by SIGTERM +++
91082 +++ killed by SIGTERM +++
91083 +++ killed by SIGTERM +++
91081 +++ killed by SIGTERM +++
